
Cadence Tempus(TM) Timing Signoff Solution.
Copyright 2020 Cadence Design Systems, Inc. All rights reserved worldwide.

Version:	v20.10-p003_1, built Wed Apr 29 15:56:37 PDT 2020
Options:	-nowin 
Date:		Fri Oct 10 03:39:49 2025
Host:		edatools-server2.iiitd.edu.in (x86_64 w/Linux 2.6.32-754.35.1.el6.x86_64) (18cores*72cpus*Intel(R) Xeon(R) Gold 6354 CPU @ 3.00GHz 39936KB)
OS:		Red Hat Enterprise Linux Server release 6.10 (Santiago)

License:
		tpsxl	Tempus Timing Signoff Solution XL	20.1	checkout succeeded
		16 CPU jobs allowed with the current license(s). Use set_multi_cpu_usage to set your required CPU count.
Change the soft stacksize limit to 0.2%RAM (1033 mbytes). Set global soft_stack_size_limit to change the value.
environment variable TMPDIR is '/tmp/ssv_tmpdir_8516_TFMHhh'.
<CMD> read_lib ../../LIB/slow.lib
<CMD> read_verilog ../../SYNTHESIS/min_area/reports/cac_netlist_minarea.v
<CMD> set_top_module collision_avoidance_car
#% Begin Load MMMC data ... (date=10/10 03:40:12, mem=430.0M)
Number of views requested 1 are allowed with the current licenses... continuing with set_analysis_view.
#% End Load MMMC data ... (date=10/10 03:40:12, total cpu=0:00:00.0, real=0:00:00.0, peak res=430.2M, current mem=430.2M)
default_emulate_early_rc_corner default_emulate_late_rc_corner default_emulate_rc_corner
Loading view definition file from .ssv_emulate_view_definition_8516.tcl
Reading default_emulate_libset_max timing library '/home/sameer25145/Desktop/CAC_Project/LIB/slow.lib' ...
Read 479 cells in library 'slow' 
*** End library_loading (cpu=0.01min, real=0.00min, mem=16.0M, fe_cpu=0.13min, fe_real=0.38min, fe_mem=564.4M) ***
#% Begin Load netlist data ... (date=10/10 03:40:12, mem=435.4M)
*** Begin netlist parsing (mem=564.4M) ***
Reading verilog netlist '../../SYNTHESIS/min_area/reports/cac_netlist_minarea.v'

*** Memory Usage v#1 (Current mem = 724.484M, initial mem = 273.305M) ***
*** End netlist parsing (cpu=0:00:00.0, real=0:00:00.0, mem=724.5M) ***
#% End Load netlist data ... (date=10/10 03:40:13, total cpu=0:00:00.2, real=0:00:01.0, peak res=546.2M, current mem=538.2M)
Set top cell to collision_avoidance_car.
Starting consistency checks on late and early library sets of delay corner 'default_emulate_delay_corner'
late library set: default_emulate_libset_max
early library set: default_emulate_libset_min
Completed consistency checks. Status: Successful
Starting consistency checks on late and early library sets of delay corner 'default_emulate_delay_corner'
late library set: default_emulate_libset_max
early library set: default_emulate_libset_min
Completed consistency checks. Status: Successful
Building hierarchical netlist for Cell collision_avoidance_car ...
*** Netlist is unique.
** info: there are 483 modules.
** info: there are 787 stdCell insts.

*** Memory Usage v#1 (Current mem = 930.438M, initial mem = 273.305M) ***
Set Default Net Delay as 1000 ps.
Set Default Net Load as 0.5 pF. 
Set Default Input Pin Transition as 0.1 ps.
/dev/null
Extraction setup Started 
Summary of Active RC-Corners : 
 
 Analysis View: default_emulate_view
    RC-Corner Name        : default_emulate_rc_corner
    RC-Corner Index       : 0
    RC-Corner Temperature : 25 Celsius
    RC-Corner Cap Table   : ''
    RC-Corner PostRoute Res Factor        : 1
    RC-Corner PostRoute Cap Factor        : 1
    RC-Corner PostRoute XCap Factor       : 1
Starting consistency checks on late and early library sets of delay corner 'default_emulate_delay_corner'
late library set: default_emulate_libset_max
early library set: default_emulate_libset_min
Completed consistency checks. Status: Successful
Reading timing constraints file '/dev/null' ...
Current (total cpu=0:00:08.6, real=0:00:24.0, peak res=844.4M, current mem=844.4M)
Total number of combinational cells: 316
Total number of sequential cells: 152
Total number of tristate cells: 10
Total number of level shifter cells: 0
Total number of power gating cells: 0
Total number of isolation cells: 0
Total number of power switch cells: 0
Total number of pulse generator cells: 0
Total number of always on buffers: 0
Total number of retention cells: 0
List of usable buffers: BUFX12 BUFX16 BUFX2 BUFX20 BUFX3 BUFX4 BUFX6 BUFX8 CLKBUFX12 CLKBUFX16 CLKBUFX2 CLKBUFX20 CLKBUFX3 CLKBUFX4 CLKBUFX6 CLKBUFX8
Total number of usable buffers: 16
List of unusable buffers:
Total number of unusable buffers: 0
List of usable inverters: CLKINVX1 CLKINVX12 CLKINVX16 CLKINVX2 CLKINVX20 CLKINVX3 CLKINVX4 CLKINVX6 CLKINVX8 INVX1 INVX12 INVX16 INVX2 INVX20 INVX3 INVX4 INVX6 INVXL INVX8
Total number of usable inverters: 19
List of unusable inverters:
Total number of unusable inverters: 0
List of identified usable delay cells: DLY1X1 DLY1X4 DLY2X1 DLY2X4 DLY3X1 DLY3X4 DLY4X4 DLY4X1
Total number of identified usable delay cells: 8
List of identified unusable delay cells:
Total number of identified unusable delay cells: 0
default_emulate_constraint_mode
Extraction setup Started 
Summary of Active RC-Corners : 
 
 Analysis View: default_emulate_view
    RC-Corner Name        : default_emulate_rc_corner
    RC-Corner Index       : 0
    RC-Corner Temperature : 125 Celsius
    RC-Corner Cap Table   : ''
    RC-Corner PostRoute Res Factor        : 1
    RC-Corner PostRoute Cap Factor        : 1
    RC-Corner PostRoute XCap Factor       : 1
Extraction setup Started 
Summary of Active RC-Corners : 
 
 Analysis View: default_emulate_view
    RC-Corner Name        : default_emulate_rc_corner
    RC-Corner Index       : 0
    RC-Corner Temperature : 125 Celsius
    RC-Corner Cap Table   : ''
    RC-Corner PostRoute Res Factor        : 1
    RC-Corner PostRoute Cap Factor        : 1
    RC-Corner PostRoute XCap Factor       : 1
Extraction setup Started 
Summary of Active RC-Corners : 
 
 Analysis View: default_emulate_view
    RC-Corner Name        : default_emulate_rc_corner
    RC-Corner Index       : 0
    RC-Corner Temperature : 125 Celsius
    RC-Corner Cap Table   : ''
    RC-Corner PostRoute Res Factor        : 1
    RC-Corner PostRoute Cap Factor        : 1
    RC-Corner PostRoute XCap Factor       : 1
default_emulate_libset_max default_emulate_libset_min
<CMD> read_sdc ../../SYNTHESIS/medium_c/optimalconstraints.sdc
Current (total cpu=0:00:08.8, real=0:00:24.0, peak res=866.8M, current mem=826.8M)
INFO (CTE): Constraints read successfully.
Ending "Constraint file reading stats" (total cpu=0:00:00.0, real=0:00:00.0, peak res=844.3M, current mem=844.3M)
Current (total cpu=0:00:08.9, real=0:00:24.0, peak res=866.8M, current mem=844.3M)
<CMD> set_propagated_clock [all_clocks]
<CMD> set_case_analysis 0 [get_ports rst]
<CMD> update_timing
**WARN: (IMPESI-3468):	User needs to specify -equivalent_waveform_model propagation first before specifying -waveform_compression_mode accurate|clock_detailed .
AAE DB initialization (MEM=1110.19 CPU=0:00:00.0 REAL=0:00:00.0) 
#################################################################################
# Design Name: collision_avoidance_car
# Design Mode: 65nm
# Analysis Mode: MMMC OCV 
# Parasitics Mode: No SPEF/RCDB
# Signoff Settings: SI Off 
#################################################################################
Start delay calculation (fullDC) (1 T). (MEM=966.199)
/dev/null
End delay calculation. (MEM=1003.49 CPU=0:00:00.1 REAL=0:00:00.0)
End delay calculation (fullDC). (MEM=995.492 CPU=0:00:00.2 REAL=0:00:00.0)
<CMD> check_timing > $report_dir/check_timing.rpt 
<CMD> report_timing > $report_dir/timing_report.rpt
<CMD> report_timing -nworst 100 -late > $report_dir/timing_setup.rpt
<CMD> report_timing -nworst 100 -early > $report_dir/timing_hold.rpt
<CMD> report_analysis_coverage > $report_dir/analysis_coverage.rpt 
<CMD> report_analysis_summary > $report_dir/analysis_summary.rpt 
<CMD> report_clocks > $report_dir/clocks.rpt 
<CMD> report_case_analysis > $report_dir/case_analysis.rpt 
<CMD> report_constraints -all_violators > reports/allviolationsinit.rpt
<CMD> exit

*** Memory Usage v#1 (Current mem = 955.277M, initial mem = 273.305M) ***

*** Summary of all messages that are not suppressed in this session:
Severity  ID               Count  Summary                                  
WARNING   IMPESI-3468          1  User needs to specify -equivalent_wavefo...
*** Message Summary: 1 warning(s), 0 error(s)

--- Ending "Tempus Timing Signoff Solution" (totcpu=0:00:09.6, real=0:00:25.0, mem=955.3M) ---
