###############################################################
#  Generated by:      Cadence Innovus 20.10-p004_1
#  OS:                Linux x86_64(Host ID edatools-server2.iiitd.edu.in)
#  Generated on:      Sun Nov  9 04:52:06 2025
#  Design:            collision_avoidance_car
#  Command:           checkDesign -netlist
###############################################################
Design: collision_avoidance_car

------ Design Summary:
Total Standard Cell Number   (cells) : 791
Total Block Cell Number      (cells) : 0
Total I/O Pad Cell Number    (cells) : 0
Total Standard Cell Area     ( um^2) : 8901.90
Total Block Cell Area        ( um^2) : 0.00
Total I/O Pad Cell Area      ( um^2) : 0.00

------ Design Statistics:

Number of Instances            : 791
Number of Non-uniquified Insts : 770
Number of Nets                 : 900
Average number of Pins per Net : 3.61
Maximum number of Pins in Net  : 190

------ I/O Port summary

Number of Primary I/O Ports    : 93
Number of Input Ports          : 14
Number of Output Ports         : 79
Number of Bidirectional Ports  : 0
Number of Power/Ground Ports   : 0



------------------------------------------------------------
Detail report:


------ I/O Pad/Port Checking

WARN : Port total_power_consumed_out[0] is floating in the top design.
WARN : Port test_mode is floating in the top design.

------ Primitive Pins DRC Checking

**WARN: Instance 'front_obstacle_history_reg[1]' has multiple input pins tied together to net 'front_obstacle_history[0]'.
**WARN: Instance 'front_obstacle_history_reg[2]' has multiple input pins tied together to net 'front_obstacle_history[1]'.
**WARN: Instance 'left_obstacle_history_reg[1]' has multiple input pins tied together to net 'left_obstacle_history[0]'.
**WARN: Instance 'left_obstacle_history_reg[2]' has multiple input pins tied together to net 'left_obstacle_history[1]'.
**WARN: Instance 'right_obstacle_history_reg[1]' has multiple input pins tied together to net 'right_obstacle_history[0]'.
**WARN: Instance 'right_obstacle_history_reg[2]' has multiple input pins tied together to net 'right_obstacle_history[1]'.

------ Primitive Net DRC Check

WARNING : Net UNCONNECTED_HIER_Z2 has no FanOut pin
WARNING : Net UNCONNECTED_HIER_Z1 has no FanOut pin
WARNING : Net UNCONNECTED_HIER_Z0 has no FanOut pin
WARNING : Net UNCONNECTED_HIER_Z has no FanOut pin
WARNING : Net UNCONNECTED has no FanOut pin
WARNING : Net next_state[0] has no FanOut pin
WARNING : Net next_state[1] has no FanOut pin
WARNING : Net next_state[2] has no FanOut pin
WARNING : Net next_state[3] has no FanOut pin
WARNING : Net next_state[4] has no FanOut pin
WARNING : Net next_state[6] has no FanOut pin
WARNING : Net next_state[8] has no FanOut pin
WARNING : Net next_state[9] has no FanOut pin
WARNING : Net next_state[10] has no FanOut pin
WARNING : Net current_state[9] has no FanOut pin
WARNING : Net total_power_consumed[0] has no FanOut pin
WARNING : Net total_power_consumed[31] has no FanOut pin
WARNING : Net test_mode has no FanOut pin
WARNING : Net n_11 has 189 fanout
WARNING : Net scan_en has 189 fanout
WARNING : Net clk has 189 fanout

