*----------------------------------------------------------------------------------------
*	Innovus 20.10-p004_1 (64bit) 05/07/2020 20:02 (Linux 2.6.32-431.11.2.el6.x86_64)
*	
*
* 	Date & Time:	2025-Nov-09 03:39:19 (2025-Nov-08 22:09:19 GMT)
*
*----------------------------------------------------------------------------------------
*
*	Design: collision_avoidance_car
*
*	Liberty Libraries used: 
*	        view1: ../IN/lib/slow.lib
*
*	Power Domain used: 
*              Rail:        VDD      Voltage:        0.9 
*
*       Power View : view1
*
*       User-Defined Activity : N.A.
*
*       Activity File: N.A.
*
*       Hierarchical Global Activity: N.A.
*
*       Global Activity: N.A.
*
*       Sequential Element Activity: N.A.
*
*       Primary Input Activity: 0.200000
*
*       Default icg ratio: N.A.
*
*       Global Comb ClockGate Ratio: N.A.
*
*	Power Units = 1mW
*
*	Time Units = 1e-09 secs 
*
*       report_power -outfile ./reports/pre_placement/power_pre_placement.rpt
*
-----------------------------------------------------------------------------------------


Total Power 
-----------------------------------------------------------------------------------------
Total Internal Power:        0.60809274 	   30.5809%
Total Switching Power:       1.32646193 	   66.7075%
Total Leakage Power:         0.05391959 	    2.7116%
Total Power:                 1.98847426 
-----------------------------------------------------------------------------------------


Group                           Internal   Switching     Leakage       Total  Percentage 
                                Power      Power         Power         Power  (%)        
-----------------------------------------------------------------------------------------
Sequential                        0.4252     0.03919     0.02902      0.4934       24.81 
Macro                                  0           0           0           0           0 
IO                                     0           0           0           0           0 
Combinational                     0.1829       1.287      0.0249       1.495       75.19 
Clock (Combinational)                  0           0           0           0           0 
Clock (Sequential)                     0           0           0           0           0 
-----------------------------------------------------------------------------------------
Total                             0.6081       1.326     0.05392       1.988         100 
-----------------------------------------------------------------------------------------


Rail                  Voltage   Internal   Switching     Leakage       Total  Percentage 
                                Power      Power         Power         Power  (%)        
-----------------------------------------------------------------------------------------
VDD                       0.9     0.6081       1.326     0.05392       1.988         100 


-----------------------------------------------------------------------------------------
*	Power Distribution Summary: 
*                Highest Average Power:                     g5152 (BUFX8):          0.02808 
*                Highest Leakage Power:       acceleration_reg[0] (SDFFSHQX8):        0.0003379 
*          Total Cap:      8.28407e-11 F
*          Total instances in design:   791
*          Total instances in design with no power:     0
*          Total instances in design with no activity:     0
*          Total Fillers and Decap:     0
-----------------------------------------------------------------------------------------

