###############################################################
#  Generated by:      Cadence Innovus 20.10-p004_1
#  OS:                Linux x86_64(Host ID edatools-server2.iiitd.edu.in)
#  Generated on:      Sun Nov  9 03:39:19 2025
#  Design:            collision_avoidance_car
#  Command:           report_timing -retime path_slew_propagation -max_path 50 -nworst 50 > $rpt_dir_pre_placement/timing_pba_pre_placement.rpt
###############################################################
Path 1: MET Recovery Check with Pin lane_clear_right_reg_reg/CK 
Endpoint:   lane_clear_right_reg_reg/RN (^) checked with  leading edge of 'clk'
Beginpoint: rst                         (v) triggered by  leading edge of 'clk'
Path Groups: {async_default}
Analysis View: view1
Retime Analysis { Data Path-Slew }
Other End Arrival Time          0.000
- Recovery                      4.337
+ Phase Shift                  15.500
= Required Time                11.163
- Arrival Time                  8.007
= Slack Time                    3.156
= Slack Time(original)          3.156
     Clock Rise Edge                      0.000
     + Input Delay                        0.400
     = Beginpoint Arrival Time            0.400
     +---------------------------------------------------------------------------------+ 
     |         Instance         |    Arc     |   Cell    | Retime | Arrival | Required | 
     |                          |            |           |  Delay |  Time   |   Time   | 
     |--------------------------+------------+-----------+--------+---------+----------| 
     |                          | rst v      |           |        |   0.400 |    3.556 | 
     | g5133                    |            | INVXL     |  0.000 |   0.400 |    3.556 | 
     | g5133                    | A v -> Y ^ | INVXL     |  7.607 |   8.007 |   11.163 | 
     | lane_clear_right_reg_reg |            | SDFFRHQX1 |  0.000 |   8.007 |   11.163 | 
     +---------------------------------------------------------------------------------+ 
Path 2: MET Recovery Check with Pin lane_clear_left_reg_reg/CK 
Endpoint:   lane_clear_left_reg_reg/RN (^) checked with  leading edge of 'clk'
Beginpoint: rst                        (v) triggered by  leading edge of 'clk'
Path Groups: {async_default}
Analysis View: view1
Retime Analysis { Data Path-Slew }
Other End Arrival Time          0.000
- Recovery                      4.337
+ Phase Shift                  15.500
= Required Time                11.163
- Arrival Time                  8.007
= Slack Time                    3.156
= Slack Time(original)          3.156
     Clock Rise Edge                      0.000
     + Input Delay                        0.400
     = Beginpoint Arrival Time            0.400
     +--------------------------------------------------------------------------------+ 
     |        Instance         |    Arc     |   Cell    | Retime | Arrival | Required | 
     |                         |            |           |  Delay |  Time   |   Time   | 
     |-------------------------+------------+-----------+--------+---------+----------| 
     |                         | rst v      |           |        |   0.400 |    3.556 | 
     | g5133                   |            | INVXL     |  0.000 |   0.400 |    3.556 | 
     | g5133                   | A v -> Y ^ | INVXL     |  7.607 |   8.007 |   11.163 | 
     | lane_clear_left_reg_reg |            | SDFFRHQX1 |  0.000 |   8.007 |   11.163 | 
     +--------------------------------------------------------------------------------+ 
Path 3: MET Recovery Check with Pin indicators_reg[1]/CK 
Endpoint:   indicators_reg[1]/RN (^) checked with  leading edge of 'clk'
Beginpoint: rst                  (v) triggered by  leading edge of 'clk'
Path Groups: {async_default}
Analysis View: view1
Retime Analysis { Data Path-Slew }
Other End Arrival Time          0.000
- Recovery                      4.337
+ Phase Shift                  15.500
= Required Time                11.163
- Arrival Time                  8.007
= Slack Time                    3.156
= Slack Time(original)          3.156
     Clock Rise Edge                      0.000
     + Input Delay                        0.400
     = Beginpoint Arrival Time            0.400
     +--------------------------------------------------------------------------+ 
     |     Instance      |    Arc     |   Cell    | Retime | Arrival | Required | 
     |                   |            |           |  Delay |  Time   |   Time   | 
     |-------------------+------------+-----------+--------+---------+----------| 
     |                   | rst v      |           |        |   0.400 |    3.556 | 
     | g5133             |            | INVXL     |  0.000 |   0.400 |    3.556 | 
     | g5133             | A v -> Y ^ | INVXL     |  7.607 |   8.007 |   11.163 | 
     | indicators_reg[1] |            | SDFFRHQX1 |  0.000 |   8.007 |   11.163 | 
     +--------------------------------------------------------------------------+ 
Path 4: MET Recovery Check with Pin indicators_reg[0]/CK 
Endpoint:   indicators_reg[0]/RN (^) checked with  leading edge of 'clk'
Beginpoint: rst                  (v) triggered by  leading edge of 'clk'
Path Groups: {async_default}
Analysis View: view1
Retime Analysis { Data Path-Slew }
Other End Arrival Time          0.000
- Recovery                      4.337
+ Phase Shift                  15.500
= Required Time                11.163
- Arrival Time                  8.007
= Slack Time                    3.156
= Slack Time(original)          3.156
     Clock Rise Edge                      0.000
     + Input Delay                        0.400
     = Beginpoint Arrival Time            0.400
     +--------------------------------------------------------------------------+ 
     |     Instance      |    Arc     |   Cell    | Retime | Arrival | Required | 
     |                   |            |           |  Delay |  Time   |   Time   | 
     |-------------------+------------+-----------+--------+---------+----------| 
     |                   | rst v      |           |        |   0.400 |    3.556 | 
     | g5133             |            | INVXL     |  0.000 |   0.400 |    3.556 | 
     | g5133             | A v -> Y ^ | INVXL     |  7.607 |   8.007 |   11.163 | 
     | indicators_reg[0] |            | SDFFRHQX1 |  0.000 |   8.007 |   11.163 | 
     +--------------------------------------------------------------------------+ 
Path 5: MET Recovery Check with Pin front_obstacle_slow_reg_reg/CK 
Endpoint:   front_obstacle_slow_reg_reg/RN (^) checked with  leading edge of 
'clk'
Beginpoint: rst                            (v) triggered by  leading edge of 
'clk'
Path Groups: {async_default}
Analysis View: view1
Retime Analysis { Data Path-Slew }
Other End Arrival Time          0.000
- Recovery                      4.337
+ Phase Shift                  15.500
= Required Time                11.163
- Arrival Time                  8.007
= Slack Time                    3.156
= Slack Time(original)          3.156
     Clock Rise Edge                      0.000
     + Input Delay                        0.400
     = Beginpoint Arrival Time            0.400
     +------------------------------------------------------------------------------------+ 
     |          Instance           |    Arc     |   Cell    | Retime | Arrival | Required | 
     |                             |            |           |  Delay |  Time   |   Time   | 
     |-----------------------------+------------+-----------+--------+---------+----------| 
     |                             | rst v      |           |        |   0.400 |    3.556 | 
     | g5133                       |            | INVXL     |  0.000 |   0.400 |    3.556 | 
     | g5133                       | A v -> Y ^ | INVXL     |  7.607 |   8.007 |   11.163 | 
     | front_obstacle_slow_reg_reg |            | SDFFRHQX1 |  0.000 |   8.007 |   11.163 | 
     +------------------------------------------------------------------------------------+ 
Path 6: MET Recovery Check with Pin front_obstacle_history_reg[2]/CK 
Endpoint:   front_obstacle_history_reg[2]/RN (^) checked with  leading edge of 
'clk'
Beginpoint: rst                              (v) triggered by  leading edge of 
'clk'
Path Groups: {async_default}
Analysis View: view1
Retime Analysis { Data Path-Slew }
Other End Arrival Time          0.000
- Recovery                      4.337
+ Phase Shift                  15.500
= Required Time                11.163
- Arrival Time                  8.007
= Slack Time                    3.156
= Slack Time(original)          3.156
     Clock Rise Edge                      0.000
     + Input Delay                        0.400
     = Beginpoint Arrival Time            0.400
     +--------------------------------------------------------------------------------------+ 
     |           Instance            |    Arc     |   Cell    | Retime | Arrival | Required | 
     |                               |            |           |  Delay |  Time   |   Time   | 
     |-------------------------------+------------+-----------+--------+---------+----------| 
     |                               | rst v      |           |        |   0.400 |    3.556 | 
     | g5133                         |            | INVXL     |  0.000 |   0.400 |    3.556 | 
     | g5133                         | A v -> Y ^ | INVXL     |  7.607 |   8.007 |   11.163 | 
     | front_obstacle_history_reg[2] |            | SDFFRHQX1 |  0.000 |   8.007 |   11.163 | 
     +--------------------------------------------------------------------------------------+ 
Path 7: MET Recovery Check with Pin front_obstacle_history_reg[1]/CK 
Endpoint:   front_obstacle_history_reg[1]/RN (^) checked with  leading edge of 
'clk'
Beginpoint: rst                              (v) triggered by  leading edge of 
'clk'
Path Groups: {async_default}
Analysis View: view1
Retime Analysis { Data Path-Slew }
Other End Arrival Time          0.000
- Recovery                      4.337
+ Phase Shift                  15.500
= Required Time                11.163
- Arrival Time                  8.007
= Slack Time                    3.156
= Slack Time(original)          3.156
     Clock Rise Edge                      0.000
     + Input Delay                        0.400
     = Beginpoint Arrival Time            0.400
     +--------------------------------------------------------------------------------------+ 
     |           Instance            |    Arc     |   Cell    | Retime | Arrival | Required | 
     |                               |            |           |  Delay |  Time   |   Time   | 
     |-------------------------------+------------+-----------+--------+---------+----------| 
     |                               | rst v      |           |        |   0.400 |    3.556 | 
     | g5133                         |            | INVXL     |  0.000 |   0.400 |    3.556 | 
     | g5133                         | A v -> Y ^ | INVXL     |  7.607 |   8.007 |   11.163 | 
     | front_obstacle_history_reg[1] |            | SDFFRHQX1 |  0.000 |   8.007 |   11.163 | 
     +--------------------------------------------------------------------------------------+ 
Path 8: MET Recovery Check with Pin front_obstacle_history_reg[0]/CK 
Endpoint:   front_obstacle_history_reg[0]/RN (^) checked with  leading edge of 
'clk'
Beginpoint: rst                              (v) triggered by  leading edge of 
'clk'
Path Groups: {async_default}
Analysis View: view1
Retime Analysis { Data Path-Slew }
Other End Arrival Time          0.000
- Recovery                      4.337
+ Phase Shift                  15.500
= Required Time                11.163
- Arrival Time                  8.007
= Slack Time                    3.156
= Slack Time(original)          3.156
     Clock Rise Edge                      0.000
     + Input Delay                        0.400
     = Beginpoint Arrival Time            0.400
     +--------------------------------------------------------------------------------------+ 
     |           Instance            |    Arc     |   Cell    | Retime | Arrival | Required | 
     |                               |            |           |  Delay |  Time   |   Time   | 
     |-------------------------------+------------+-----------+--------+---------+----------| 
     |                               | rst v      |           |        |   0.400 |    3.556 | 
     | g5133                         |            | INVXL     |  0.000 |   0.400 |    3.556 | 
     | g5133                         | A v -> Y ^ | INVXL     |  7.607 |   8.007 |   11.163 | 
     | front_obstacle_history_reg[0] |            | SDFFRHQX1 |  0.000 |   8.007 |   11.163 | 
     +--------------------------------------------------------------------------------------+ 
Path 9: MET Recovery Check with Pin distance_travelled_out_reg[31]/CK 
Endpoint:   distance_travelled_out_reg[31]/RN (^) checked with  leading edge of 
'clk'
Beginpoint: rst                               (v) triggered by  leading edge of 
'clk'
Path Groups: {async_default}
Analysis View: view1
Retime Analysis { Data Path-Slew }
Other End Arrival Time          0.000
- Recovery                      4.337
+ Phase Shift                  15.500
= Required Time                11.163
- Arrival Time                  8.007
= Slack Time                    3.156
= Slack Time(original)          3.156
     Clock Rise Edge                      0.000
     + Input Delay                        0.400
     = Beginpoint Arrival Time            0.400
     +---------------------------------------------------------------------------------------+ 
     |            Instance            |    Arc     |   Cell    | Retime | Arrival | Required | 
     |                                |            |           |  Delay |  Time   |   Time   | 
     |--------------------------------+------------+-----------+--------+---------+----------| 
     |                                | rst v      |           |        |   0.400 |    3.556 | 
     | g5133                          |            | INVXL     |  0.000 |   0.400 |    3.556 | 
     | g5133                          | A v -> Y ^ | INVXL     |  7.607 |   8.007 |   11.163 | 
     | distance_travelled_out_reg[31] |            | SDFFRHQX1 |  0.000 |   8.007 |   11.163 | 
     +---------------------------------------------------------------------------------------+ 
Path 10: MET Recovery Check with Pin distance_travelled_out_reg[30]/CK 
Endpoint:   distance_travelled_out_reg[30]/RN (^) checked with  leading edge of 
'clk'
Beginpoint: rst                               (v) triggered by  leading edge of 
'clk'
Path Groups: {async_default}
Analysis View: view1
Retime Analysis { Data Path-Slew }
Other End Arrival Time          0.000
- Recovery                      4.337
+ Phase Shift                  15.500
= Required Time                11.163
- Arrival Time                  8.007
= Slack Time                    3.156
= Slack Time(original)          3.156
     Clock Rise Edge                      0.000
     + Input Delay                        0.400
     = Beginpoint Arrival Time            0.400
     +---------------------------------------------------------------------------------------+ 
     |            Instance            |    Arc     |   Cell    | Retime | Arrival | Required | 
     |                                |            |           |  Delay |  Time   |   Time   | 
     |--------------------------------+------------+-----------+--------+---------+----------| 
     |                                | rst v      |           |        |   0.400 |    3.556 | 
     | g5133                          |            | INVXL     |  0.000 |   0.400 |    3.556 | 
     | g5133                          | A v -> Y ^ | INVXL     |  7.607 |   8.007 |   11.163 | 
     | distance_travelled_out_reg[30] |            | SDFFRHQX1 |  0.000 |   8.007 |   11.163 | 
     +---------------------------------------------------------------------------------------+ 
Path 11: MET Recovery Check with Pin distance_travelled_out_reg[29]/CK 
Endpoint:   distance_travelled_out_reg[29]/RN (^) checked with  leading edge of 
'clk'
Beginpoint: rst                               (v) triggered by  leading edge of 
'clk'
Path Groups: {async_default}
Analysis View: view1
Retime Analysis { Data Path-Slew }
Other End Arrival Time          0.000
- Recovery                      4.337
+ Phase Shift                  15.500
= Required Time                11.163
- Arrival Time                  8.007
= Slack Time                    3.156
= Slack Time(original)          3.156
     Clock Rise Edge                      0.000
     + Input Delay                        0.400
     = Beginpoint Arrival Time            0.400
     +---------------------------------------------------------------------------------------+ 
     |            Instance            |    Arc     |   Cell    | Retime | Arrival | Required | 
     |                                |            |           |  Delay |  Time   |   Time   | 
     |--------------------------------+------------+-----------+--------+---------+----------| 
     |                                | rst v      |           |        |   0.400 |    3.556 | 
     | g5133                          |            | INVXL     |  0.000 |   0.400 |    3.556 | 
     | g5133                          | A v -> Y ^ | INVXL     |  7.607 |   8.007 |   11.163 | 
     | distance_travelled_out_reg[29] |            | SDFFRHQX1 |  0.000 |   8.007 |   11.163 | 
     +---------------------------------------------------------------------------------------+ 
Path 12: MET Recovery Check with Pin distance_travelled_out_reg[28]/CK 
Endpoint:   distance_travelled_out_reg[28]/RN (^) checked with  leading edge of 
'clk'
Beginpoint: rst                               (v) triggered by  leading edge of 
'clk'
Path Groups: {async_default}
Analysis View: view1
Retime Analysis { Data Path-Slew }
Other End Arrival Time          0.000
- Recovery                      4.337
+ Phase Shift                  15.500
= Required Time                11.163
- Arrival Time                  8.007
= Slack Time                    3.156
= Slack Time(original)          3.156
     Clock Rise Edge                      0.000
     + Input Delay                        0.400
     = Beginpoint Arrival Time            0.400
     +---------------------------------------------------------------------------------------+ 
     |            Instance            |    Arc     |   Cell    | Retime | Arrival | Required | 
     |                                |            |           |  Delay |  Time   |   Time   | 
     |--------------------------------+------------+-----------+--------+---------+----------| 
     |                                | rst v      |           |        |   0.400 |    3.556 | 
     | g5133                          |            | INVXL     |  0.000 |   0.400 |    3.556 | 
     | g5133                          | A v -> Y ^ | INVXL     |  7.607 |   8.007 |   11.163 | 
     | distance_travelled_out_reg[28] |            | SDFFRHQX1 |  0.000 |   8.007 |   11.163 | 
     +---------------------------------------------------------------------------------------+ 
Path 13: MET Recovery Check with Pin distance_travelled_out_reg[27]/CK 
Endpoint:   distance_travelled_out_reg[27]/RN (^) checked with  leading edge of 
'clk'
Beginpoint: rst                               (v) triggered by  leading edge of 
'clk'
Path Groups: {async_default}
Analysis View: view1
Retime Analysis { Data Path-Slew }
Other End Arrival Time          0.000
- Recovery                      4.337
+ Phase Shift                  15.500
= Required Time                11.163
- Arrival Time                  8.007
= Slack Time                    3.156
= Slack Time(original)          3.156
     Clock Rise Edge                      0.000
     + Input Delay                        0.400
     = Beginpoint Arrival Time            0.400
     +---------------------------------------------------------------------------------------+ 
     |            Instance            |    Arc     |   Cell    | Retime | Arrival | Required | 
     |                                |            |           |  Delay |  Time   |   Time   | 
     |--------------------------------+------------+-----------+--------+---------+----------| 
     |                                | rst v      |           |        |   0.400 |    3.556 | 
     | g5133                          |            | INVXL     |  0.000 |   0.400 |    3.556 | 
     | g5133                          | A v -> Y ^ | INVXL     |  7.607 |   8.007 |   11.163 | 
     | distance_travelled_out_reg[27] |            | SDFFRHQX1 |  0.000 |   8.007 |   11.163 | 
     +---------------------------------------------------------------------------------------+ 
Path 14: MET Recovery Check with Pin distance_travelled_out_reg[26]/CK 
Endpoint:   distance_travelled_out_reg[26]/RN (^) checked with  leading edge of 
'clk'
Beginpoint: rst                               (v) triggered by  leading edge of 
'clk'
Path Groups: {async_default}
Analysis View: view1
Retime Analysis { Data Path-Slew }
Other End Arrival Time          0.000
- Recovery                      4.337
+ Phase Shift                  15.500
= Required Time                11.163
- Arrival Time                  8.007
= Slack Time                    3.156
= Slack Time(original)          3.156
     Clock Rise Edge                      0.000
     + Input Delay                        0.400
     = Beginpoint Arrival Time            0.400
     +---------------------------------------------------------------------------------------+ 
     |            Instance            |    Arc     |   Cell    | Retime | Arrival | Required | 
     |                                |            |           |  Delay |  Time   |   Time   | 
     |--------------------------------+------------+-----------+--------+---------+----------| 
     |                                | rst v      |           |        |   0.400 |    3.556 | 
     | g5133                          |            | INVXL     |  0.000 |   0.400 |    3.556 | 
     | g5133                          | A v -> Y ^ | INVXL     |  7.607 |   8.007 |   11.163 | 
     | distance_travelled_out_reg[26] |            | SDFFRHQX1 |  0.000 |   8.007 |   11.163 | 
     +---------------------------------------------------------------------------------------+ 
Path 15: MET Recovery Check with Pin distance_travelled_out_reg[25]/CK 
Endpoint:   distance_travelled_out_reg[25]/RN (^) checked with  leading edge of 
'clk'
Beginpoint: rst                               (v) triggered by  leading edge of 
'clk'
Path Groups: {async_default}
Analysis View: view1
Retime Analysis { Data Path-Slew }
Other End Arrival Time          0.000
- Recovery                      4.337
+ Phase Shift                  15.500
= Required Time                11.163
- Arrival Time                  8.007
= Slack Time                    3.156
= Slack Time(original)          3.156
     Clock Rise Edge                      0.000
     + Input Delay                        0.400
     = Beginpoint Arrival Time            0.400
     +---------------------------------------------------------------------------------------+ 
     |            Instance            |    Arc     |   Cell    | Retime | Arrival | Required | 
     |                                |            |           |  Delay |  Time   |   Time   | 
     |--------------------------------+------------+-----------+--------+---------+----------| 
     |                                | rst v      |           |        |   0.400 |    3.556 | 
     | g5133                          |            | INVXL     |  0.000 |   0.400 |    3.556 | 
     | g5133                          | A v -> Y ^ | INVXL     |  7.607 |   8.007 |   11.163 | 
     | distance_travelled_out_reg[25] |            | SDFFRHQX1 |  0.000 |   8.007 |   11.163 | 
     +---------------------------------------------------------------------------------------+ 
Path 16: MET Recovery Check with Pin distance_travelled_out_reg[24]/CK 
Endpoint:   distance_travelled_out_reg[24]/RN (^) checked with  leading edge of 
'clk'
Beginpoint: rst                               (v) triggered by  leading edge of 
'clk'
Path Groups: {async_default}
Analysis View: view1
Retime Analysis { Data Path-Slew }
Other End Arrival Time          0.000
- Recovery                      4.337
+ Phase Shift                  15.500
= Required Time                11.163
- Arrival Time                  8.007
= Slack Time                    3.156
= Slack Time(original)          3.156
     Clock Rise Edge                      0.000
     + Input Delay                        0.400
     = Beginpoint Arrival Time            0.400
     +---------------------------------------------------------------------------------------+ 
     |            Instance            |    Arc     |   Cell    | Retime | Arrival | Required | 
     |                                |            |           |  Delay |  Time   |   Time   | 
     |--------------------------------+------------+-----------+--------+---------+----------| 
     |                                | rst v      |           |        |   0.400 |    3.556 | 
     | g5133                          |            | INVXL     |  0.000 |   0.400 |    3.556 | 
     | g5133                          | A v -> Y ^ | INVXL     |  7.607 |   8.007 |   11.163 | 
     | distance_travelled_out_reg[24] |            | SDFFRHQX1 |  0.000 |   8.007 |   11.163 | 
     +---------------------------------------------------------------------------------------+ 
Path 17: MET Recovery Check with Pin distance_travelled_out_reg[23]/CK 
Endpoint:   distance_travelled_out_reg[23]/RN (^) checked with  leading edge of 
'clk'
Beginpoint: rst                               (v) triggered by  leading edge of 
'clk'
Path Groups: {async_default}
Analysis View: view1
Retime Analysis { Data Path-Slew }
Other End Arrival Time          0.000
- Recovery                      4.337
+ Phase Shift                  15.500
= Required Time                11.163
- Arrival Time                  8.007
= Slack Time                    3.156
= Slack Time(original)          3.156
     Clock Rise Edge                      0.000
     + Input Delay                        0.400
     = Beginpoint Arrival Time            0.400
     +---------------------------------------------------------------------------------------+ 
     |            Instance            |    Arc     |   Cell    | Retime | Arrival | Required | 
     |                                |            |           |  Delay |  Time   |   Time   | 
     |--------------------------------+------------+-----------+--------+---------+----------| 
     |                                | rst v      |           |        |   0.400 |    3.556 | 
     | g5133                          |            | INVXL     |  0.000 |   0.400 |    3.556 | 
     | g5133                          | A v -> Y ^ | INVXL     |  7.607 |   8.007 |   11.163 | 
     | distance_travelled_out_reg[23] |            | SDFFRHQX1 |  0.000 |   8.007 |   11.163 | 
     +---------------------------------------------------------------------------------------+ 
Path 18: MET Recovery Check with Pin distance_travelled_out_reg[22]/CK 
Endpoint:   distance_travelled_out_reg[22]/RN (^) checked with  leading edge of 
'clk'
Beginpoint: rst                               (v) triggered by  leading edge of 
'clk'
Path Groups: {async_default}
Analysis View: view1
Retime Analysis { Data Path-Slew }
Other End Arrival Time          0.000
- Recovery                      4.337
+ Phase Shift                  15.500
= Required Time                11.163
- Arrival Time                  8.007
= Slack Time                    3.156
= Slack Time(original)          3.156
     Clock Rise Edge                      0.000
     + Input Delay                        0.400
     = Beginpoint Arrival Time            0.400
     +---------------------------------------------------------------------------------------+ 
     |            Instance            |    Arc     |   Cell    | Retime | Arrival | Required | 
     |                                |            |           |  Delay |  Time   |   Time   | 
     |--------------------------------+------------+-----------+--------+---------+----------| 
     |                                | rst v      |           |        |   0.400 |    3.556 | 
     | g5133                          |            | INVXL     |  0.000 |   0.400 |    3.556 | 
     | g5133                          | A v -> Y ^ | INVXL     |  7.607 |   8.007 |   11.163 | 
     | distance_travelled_out_reg[22] |            | SDFFRHQX1 |  0.000 |   8.007 |   11.163 | 
     +---------------------------------------------------------------------------------------+ 
Path 19: MET Recovery Check with Pin distance_travelled_out_reg[21]/CK 
Endpoint:   distance_travelled_out_reg[21]/RN (^) checked with  leading edge of 
'clk'
Beginpoint: rst                               (v) triggered by  leading edge of 
'clk'
Path Groups: {async_default}
Analysis View: view1
Retime Analysis { Data Path-Slew }
Other End Arrival Time          0.000
- Recovery                      4.337
+ Phase Shift                  15.500
= Required Time                11.163
- Arrival Time                  8.007
= Slack Time                    3.156
= Slack Time(original)          3.156
     Clock Rise Edge                      0.000
     + Input Delay                        0.400
     = Beginpoint Arrival Time            0.400
     +---------------------------------------------------------------------------------------+ 
     |            Instance            |    Arc     |   Cell    | Retime | Arrival | Required | 
     |                                |            |           |  Delay |  Time   |   Time   | 
     |--------------------------------+------------+-----------+--------+---------+----------| 
     |                                | rst v      |           |        |   0.400 |    3.556 | 
     | g5133                          |            | INVXL     |  0.000 |   0.400 |    3.556 | 
     | g5133                          | A v -> Y ^ | INVXL     |  7.607 |   8.007 |   11.163 | 
     | distance_travelled_out_reg[21] |            | SDFFRHQX1 |  0.000 |   8.007 |   11.163 | 
     +---------------------------------------------------------------------------------------+ 
Path 20: MET Recovery Check with Pin distance_travelled_out_reg[20]/CK 
Endpoint:   distance_travelled_out_reg[20]/RN (^) checked with  leading edge of 
'clk'
Beginpoint: rst                               (v) triggered by  leading edge of 
'clk'
Path Groups: {async_default}
Analysis View: view1
Retime Analysis { Data Path-Slew }
Other End Arrival Time          0.000
- Recovery                      4.337
+ Phase Shift                  15.500
= Required Time                11.163
- Arrival Time                  8.007
= Slack Time                    3.156
= Slack Time(original)          3.156
     Clock Rise Edge                      0.000
     + Input Delay                        0.400
     = Beginpoint Arrival Time            0.400
     +---------------------------------------------------------------------------------------+ 
     |            Instance            |    Arc     |   Cell    | Retime | Arrival | Required | 
     |                                |            |           |  Delay |  Time   |   Time   | 
     |--------------------------------+------------+-----------+--------+---------+----------| 
     |                                | rst v      |           |        |   0.400 |    3.556 | 
     | g5133                          |            | INVXL     |  0.000 |   0.400 |    3.556 | 
     | g5133                          | A v -> Y ^ | INVXL     |  7.607 |   8.007 |   11.163 | 
     | distance_travelled_out_reg[20] |            | SDFFRHQX1 |  0.000 |   8.007 |   11.163 | 
     +---------------------------------------------------------------------------------------+ 
Path 21: MET Recovery Check with Pin distance_travelled_out_reg[19]/CK 
Endpoint:   distance_travelled_out_reg[19]/RN (^) checked with  leading edge of 
'clk'
Beginpoint: rst                               (v) triggered by  leading edge of 
'clk'
Path Groups: {async_default}
Analysis View: view1
Retime Analysis { Data Path-Slew }
Other End Arrival Time          0.000
- Recovery                      4.337
+ Phase Shift                  15.500
= Required Time                11.163
- Arrival Time                  8.007
= Slack Time                    3.156
= Slack Time(original)          3.156
     Clock Rise Edge                      0.000
     + Input Delay                        0.400
     = Beginpoint Arrival Time            0.400
     +---------------------------------------------------------------------------------------+ 
     |            Instance            |    Arc     |   Cell    | Retime | Arrival | Required | 
     |                                |            |           |  Delay |  Time   |   Time   | 
     |--------------------------------+------------+-----------+--------+---------+----------| 
     |                                | rst v      |           |        |   0.400 |    3.556 | 
     | g5133                          |            | INVXL     |  0.000 |   0.400 |    3.556 | 
     | g5133                          | A v -> Y ^ | INVXL     |  7.607 |   8.007 |   11.163 | 
     | distance_travelled_out_reg[19] |            | SDFFRHQX1 |  0.000 |   8.007 |   11.163 | 
     +---------------------------------------------------------------------------------------+ 
Path 22: MET Recovery Check with Pin distance_travelled_out_reg[18]/CK 
Endpoint:   distance_travelled_out_reg[18]/RN (^) checked with  leading edge of 
'clk'
Beginpoint: rst                               (v) triggered by  leading edge of 
'clk'
Path Groups: {async_default}
Analysis View: view1
Retime Analysis { Data Path-Slew }
Other End Arrival Time          0.000
- Recovery                      4.337
+ Phase Shift                  15.500
= Required Time                11.163
- Arrival Time                  8.007
= Slack Time                    3.156
= Slack Time(original)          3.156
     Clock Rise Edge                      0.000
     + Input Delay                        0.400
     = Beginpoint Arrival Time            0.400
     +---------------------------------------------------------------------------------------+ 
     |            Instance            |    Arc     |   Cell    | Retime | Arrival | Required | 
     |                                |            |           |  Delay |  Time   |   Time   | 
     |--------------------------------+------------+-----------+--------+---------+----------| 
     |                                | rst v      |           |        |   0.400 |    3.556 | 
     | g5133                          |            | INVXL     |  0.000 |   0.400 |    3.556 | 
     | g5133                          | A v -> Y ^ | INVXL     |  7.607 |   8.007 |   11.163 | 
     | distance_travelled_out_reg[18] |            | SDFFRHQX1 |  0.000 |   8.007 |   11.163 | 
     +---------------------------------------------------------------------------------------+ 
Path 23: MET Recovery Check with Pin distance_travelled_out_reg[17]/CK 
Endpoint:   distance_travelled_out_reg[17]/RN (^) checked with  leading edge of 
'clk'
Beginpoint: rst                               (v) triggered by  leading edge of 
'clk'
Path Groups: {async_default}
Analysis View: view1
Retime Analysis { Data Path-Slew }
Other End Arrival Time          0.000
- Recovery                      4.337
+ Phase Shift                  15.500
= Required Time                11.163
- Arrival Time                  8.007
= Slack Time                    3.156
= Slack Time(original)          3.156
     Clock Rise Edge                      0.000
     + Input Delay                        0.400
     = Beginpoint Arrival Time            0.400
     +---------------------------------------------------------------------------------------+ 
     |            Instance            |    Arc     |   Cell    | Retime | Arrival | Required | 
     |                                |            |           |  Delay |  Time   |   Time   | 
     |--------------------------------+------------+-----------+--------+---------+----------| 
     |                                | rst v      |           |        |   0.400 |    3.556 | 
     | g5133                          |            | INVXL     |  0.000 |   0.400 |    3.556 | 
     | g5133                          | A v -> Y ^ | INVXL     |  7.607 |   8.007 |   11.163 | 
     | distance_travelled_out_reg[17] |            | SDFFRHQX1 |  0.000 |   8.007 |   11.163 | 
     +---------------------------------------------------------------------------------------+ 
Path 24: MET Recovery Check with Pin distance_travelled_out_reg[16]/CK 
Endpoint:   distance_travelled_out_reg[16]/RN (^) checked with  leading edge of 
'clk'
Beginpoint: rst                               (v) triggered by  leading edge of 
'clk'
Path Groups: {async_default}
Analysis View: view1
Retime Analysis { Data Path-Slew }
Other End Arrival Time          0.000
- Recovery                      4.337
+ Phase Shift                  15.500
= Required Time                11.163
- Arrival Time                  8.007
= Slack Time                    3.156
= Slack Time(original)          3.156
     Clock Rise Edge                      0.000
     + Input Delay                        0.400
     = Beginpoint Arrival Time            0.400
     +---------------------------------------------------------------------------------------+ 
     |            Instance            |    Arc     |   Cell    | Retime | Arrival | Required | 
     |                                |            |           |  Delay |  Time   |   Time   | 
     |--------------------------------+------------+-----------+--------+---------+----------| 
     |                                | rst v      |           |        |   0.400 |    3.556 | 
     | g5133                          |            | INVXL     |  0.000 |   0.400 |    3.556 | 
     | g5133                          | A v -> Y ^ | INVXL     |  7.607 |   8.007 |   11.163 | 
     | distance_travelled_out_reg[16] |            | SDFFRHQX1 |  0.000 |   8.007 |   11.163 | 
     +---------------------------------------------------------------------------------------+ 
Path 25: MET Recovery Check with Pin distance_travelled_out_reg[15]/CK 
Endpoint:   distance_travelled_out_reg[15]/RN (^) checked with  leading edge of 
'clk'
Beginpoint: rst                               (v) triggered by  leading edge of 
'clk'
Path Groups: {async_default}
Analysis View: view1
Retime Analysis { Data Path-Slew }
Other End Arrival Time          0.000
- Recovery                      4.337
+ Phase Shift                  15.500
= Required Time                11.163
- Arrival Time                  8.007
= Slack Time                    3.156
= Slack Time(original)          3.156
     Clock Rise Edge                      0.000
     + Input Delay                        0.400
     = Beginpoint Arrival Time            0.400
     +---------------------------------------------------------------------------------------+ 
     |            Instance            |    Arc     |   Cell    | Retime | Arrival | Required | 
     |                                |            |           |  Delay |  Time   |   Time   | 
     |--------------------------------+------------+-----------+--------+---------+----------| 
     |                                | rst v      |           |        |   0.400 |    3.556 | 
     | g5133                          |            | INVXL     |  0.000 |   0.400 |    3.556 | 
     | g5133                          | A v -> Y ^ | INVXL     |  7.607 |   8.007 |   11.163 | 
     | distance_travelled_out_reg[15] |            | SDFFRHQX1 |  0.000 |   8.007 |   11.163 | 
     +---------------------------------------------------------------------------------------+ 
Path 26: MET Recovery Check with Pin distance_travelled_out_reg[14]/CK 
Endpoint:   distance_travelled_out_reg[14]/RN (^) checked with  leading edge of 
'clk'
Beginpoint: rst                               (v) triggered by  leading edge of 
'clk'
Path Groups: {async_default}
Analysis View: view1
Retime Analysis { Data Path-Slew }
Other End Arrival Time          0.000
- Recovery                      4.337
+ Phase Shift                  15.500
= Required Time                11.163
- Arrival Time                  8.007
= Slack Time                    3.156
= Slack Time(original)          3.156
     Clock Rise Edge                      0.000
     + Input Delay                        0.400
     = Beginpoint Arrival Time            0.400
     +---------------------------------------------------------------------------------------+ 
     |            Instance            |    Arc     |   Cell    | Retime | Arrival | Required | 
     |                                |            |           |  Delay |  Time   |   Time   | 
     |--------------------------------+------------+-----------+--------+---------+----------| 
     |                                | rst v      |           |        |   0.400 |    3.556 | 
     | g5133                          |            | INVXL     |  0.000 |   0.400 |    3.556 | 
     | g5133                          | A v -> Y ^ | INVXL     |  7.607 |   8.007 |   11.163 | 
     | distance_travelled_out_reg[14] |            | SDFFRHQX1 |  0.000 |   8.007 |   11.163 | 
     +---------------------------------------------------------------------------------------+ 
Path 27: MET Recovery Check with Pin distance_travelled_out_reg[13]/CK 
Endpoint:   distance_travelled_out_reg[13]/RN (^) checked with  leading edge of 
'clk'
Beginpoint: rst                               (v) triggered by  leading edge of 
'clk'
Path Groups: {async_default}
Analysis View: view1
Retime Analysis { Data Path-Slew }
Other End Arrival Time          0.000
- Recovery                      4.337
+ Phase Shift                  15.500
= Required Time                11.163
- Arrival Time                  8.007
= Slack Time                    3.156
= Slack Time(original)          3.156
     Clock Rise Edge                      0.000
     + Input Delay                        0.400
     = Beginpoint Arrival Time            0.400
     +---------------------------------------------------------------------------------------+ 
     |            Instance            |    Arc     |   Cell    | Retime | Arrival | Required | 
     |                                |            |           |  Delay |  Time   |   Time   | 
     |--------------------------------+------------+-----------+--------+---------+----------| 
     |                                | rst v      |           |        |   0.400 |    3.556 | 
     | g5133                          |            | INVXL     |  0.000 |   0.400 |    3.556 | 
     | g5133                          | A v -> Y ^ | INVXL     |  7.607 |   8.007 |   11.163 | 
     | distance_travelled_out_reg[13] |            | SDFFRHQX1 |  0.000 |   8.007 |   11.163 | 
     +---------------------------------------------------------------------------------------+ 
Path 28: MET Recovery Check with Pin distance_travelled_out_reg[12]/CK 
Endpoint:   distance_travelled_out_reg[12]/RN (^) checked with  leading edge of 
'clk'
Beginpoint: rst                               (v) triggered by  leading edge of 
'clk'
Path Groups: {async_default}
Analysis View: view1
Retime Analysis { Data Path-Slew }
Other End Arrival Time          0.000
- Recovery                      4.337
+ Phase Shift                  15.500
= Required Time                11.163
- Arrival Time                  8.007
= Slack Time                    3.156
= Slack Time(original)          3.156
     Clock Rise Edge                      0.000
     + Input Delay                        0.400
     = Beginpoint Arrival Time            0.400
     +---------------------------------------------------------------------------------------+ 
     |            Instance            |    Arc     |   Cell    | Retime | Arrival | Required | 
     |                                |            |           |  Delay |  Time   |   Time   | 
     |--------------------------------+------------+-----------+--------+---------+----------| 
     |                                | rst v      |           |        |   0.400 |    3.556 | 
     | g5133                          |            | INVXL     |  0.000 |   0.400 |    3.556 | 
     | g5133                          | A v -> Y ^ | INVXL     |  7.607 |   8.007 |   11.163 | 
     | distance_travelled_out_reg[12] |            | SDFFRHQX1 |  0.000 |   8.007 |   11.163 | 
     +---------------------------------------------------------------------------------------+ 
Path 29: MET Recovery Check with Pin distance_travelled_out_reg[11]/CK 
Endpoint:   distance_travelled_out_reg[11]/RN (^) checked with  leading edge of 
'clk'
Beginpoint: rst                               (v) triggered by  leading edge of 
'clk'
Path Groups: {async_default}
Analysis View: view1
Retime Analysis { Data Path-Slew }
Other End Arrival Time          0.000
- Recovery                      4.337
+ Phase Shift                  15.500
= Required Time                11.163
- Arrival Time                  8.007
= Slack Time                    3.156
= Slack Time(original)          3.156
     Clock Rise Edge                      0.000
     + Input Delay                        0.400
     = Beginpoint Arrival Time            0.400
     +---------------------------------------------------------------------------------------+ 
     |            Instance            |    Arc     |   Cell    | Retime | Arrival | Required | 
     |                                |            |           |  Delay |  Time   |   Time   | 
     |--------------------------------+------------+-----------+--------+---------+----------| 
     |                                | rst v      |           |        |   0.400 |    3.556 | 
     | g5133                          |            | INVXL     |  0.000 |   0.400 |    3.556 | 
     | g5133                          | A v -> Y ^ | INVXL     |  7.607 |   8.007 |   11.163 | 
     | distance_travelled_out_reg[11] |            | SDFFRHQX1 |  0.000 |   8.007 |   11.163 | 
     +---------------------------------------------------------------------------------------+ 
Path 30: MET Recovery Check with Pin distance_travelled_out_reg[10]/CK 
Endpoint:   distance_travelled_out_reg[10]/RN (^) checked with  leading edge of 
'clk'
Beginpoint: rst                               (v) triggered by  leading edge of 
'clk'
Path Groups: {async_default}
Analysis View: view1
Retime Analysis { Data Path-Slew }
Other End Arrival Time          0.000
- Recovery                      4.337
+ Phase Shift                  15.500
= Required Time                11.163
- Arrival Time                  8.007
= Slack Time                    3.156
= Slack Time(original)          3.156
     Clock Rise Edge                      0.000
     + Input Delay                        0.400
     = Beginpoint Arrival Time            0.400
     +---------------------------------------------------------------------------------------+ 
     |            Instance            |    Arc     |   Cell    | Retime | Arrival | Required | 
     |                                |            |           |  Delay |  Time   |   Time   | 
     |--------------------------------+------------+-----------+--------+---------+----------| 
     |                                | rst v      |           |        |   0.400 |    3.556 | 
     | g5133                          |            | INVXL     |  0.000 |   0.400 |    3.556 | 
     | g5133                          | A v -> Y ^ | INVXL     |  7.607 |   8.007 |   11.163 | 
     | distance_travelled_out_reg[10] |            | SDFFRHQX1 |  0.000 |   8.007 |   11.163 | 
     +---------------------------------------------------------------------------------------+ 
Path 31: MET Recovery Check with Pin distance_travelled_out_reg[9]/CK 
Endpoint:   distance_travelled_out_reg[9]/RN (^) checked with  leading edge of 
'clk'
Beginpoint: rst                              (v) triggered by  leading edge of 
'clk'
Path Groups: {async_default}
Analysis View: view1
Retime Analysis { Data Path-Slew }
Other End Arrival Time          0.000
- Recovery                      4.337
+ Phase Shift                  15.500
= Required Time                11.163
- Arrival Time                  8.007
= Slack Time                    3.156
= Slack Time(original)          3.156
     Clock Rise Edge                      0.000
     + Input Delay                        0.400
     = Beginpoint Arrival Time            0.400
     +--------------------------------------------------------------------------------------+ 
     |           Instance            |    Arc     |   Cell    | Retime | Arrival | Required | 
     |                               |            |           |  Delay |  Time   |   Time   | 
     |-------------------------------+------------+-----------+--------+---------+----------| 
     |                               | rst v      |           |        |   0.400 |    3.556 | 
     | g5133                         |            | INVXL     |  0.000 |   0.400 |    3.556 | 
     | g5133                         | A v -> Y ^ | INVXL     |  7.607 |   8.007 |   11.163 | 
     | distance_travelled_out_reg[9] |            | SDFFRHQX1 |  0.000 |   8.007 |   11.163 | 
     +--------------------------------------------------------------------------------------+ 
Path 32: MET Recovery Check with Pin distance_travelled_out_reg[8]/CK 
Endpoint:   distance_travelled_out_reg[8]/RN (^) checked with  leading edge of 
'clk'
Beginpoint: rst                              (v) triggered by  leading edge of 
'clk'
Path Groups: {async_default}
Analysis View: view1
Retime Analysis { Data Path-Slew }
Other End Arrival Time          0.000
- Recovery                      4.337
+ Phase Shift                  15.500
= Required Time                11.163
- Arrival Time                  8.007
= Slack Time                    3.156
= Slack Time(original)          3.156
     Clock Rise Edge                      0.000
     + Input Delay                        0.400
     = Beginpoint Arrival Time            0.400
     +--------------------------------------------------------------------------------------+ 
     |           Instance            |    Arc     |   Cell    | Retime | Arrival | Required | 
     |                               |            |           |  Delay |  Time   |   Time   | 
     |-------------------------------+------------+-----------+--------+---------+----------| 
     |                               | rst v      |           |        |   0.400 |    3.556 | 
     | g5133                         |            | INVXL     |  0.000 |   0.400 |    3.556 | 
     | g5133                         | A v -> Y ^ | INVXL     |  7.607 |   8.007 |   11.163 | 
     | distance_travelled_out_reg[8] |            | SDFFRHQX1 |  0.000 |   8.007 |   11.163 | 
     +--------------------------------------------------------------------------------------+ 
Path 33: MET Recovery Check with Pin distance_travelled_out_reg[7]/CK 
Endpoint:   distance_travelled_out_reg[7]/RN (^) checked with  leading edge of 
'clk'
Beginpoint: rst                              (v) triggered by  leading edge of 
'clk'
Path Groups: {async_default}
Analysis View: view1
Retime Analysis { Data Path-Slew }
Other End Arrival Time          0.000
- Recovery                      4.337
+ Phase Shift                  15.500
= Required Time                11.163
- Arrival Time                  8.007
= Slack Time                    3.156
= Slack Time(original)          3.156
     Clock Rise Edge                      0.000
     + Input Delay                        0.400
     = Beginpoint Arrival Time            0.400
     +--------------------------------------------------------------------------------------+ 
     |           Instance            |    Arc     |   Cell    | Retime | Arrival | Required | 
     |                               |            |           |  Delay |  Time   |   Time   | 
     |-------------------------------+------------+-----------+--------+---------+----------| 
     |                               | rst v      |           |        |   0.400 |    3.556 | 
     | g5133                         |            | INVXL     |  0.000 |   0.400 |    3.556 | 
     | g5133                         | A v -> Y ^ | INVXL     |  7.607 |   8.007 |   11.163 | 
     | distance_travelled_out_reg[7] |            | SDFFRHQX1 |  0.000 |   8.007 |   11.163 | 
     +--------------------------------------------------------------------------------------+ 
Path 34: MET Recovery Check with Pin distance_travelled_out_reg[6]/CK 
Endpoint:   distance_travelled_out_reg[6]/RN (^) checked with  leading edge of 
'clk'
Beginpoint: rst                              (v) triggered by  leading edge of 
'clk'
Path Groups: {async_default}
Analysis View: view1
Retime Analysis { Data Path-Slew }
Other End Arrival Time          0.000
- Recovery                      4.337
+ Phase Shift                  15.500
= Required Time                11.163
- Arrival Time                  8.007
= Slack Time                    3.156
= Slack Time(original)          3.156
     Clock Rise Edge                      0.000
     + Input Delay                        0.400
     = Beginpoint Arrival Time            0.400
     +--------------------------------------------------------------------------------------+ 
     |           Instance            |    Arc     |   Cell    | Retime | Arrival | Required | 
     |                               |            |           |  Delay |  Time   |   Time   | 
     |-------------------------------+------------+-----------+--------+---------+----------| 
     |                               | rst v      |           |        |   0.400 |    3.556 | 
     | g5133                         |            | INVXL     |  0.000 |   0.400 |    3.556 | 
     | g5133                         | A v -> Y ^ | INVXL     |  7.607 |   8.007 |   11.163 | 
     | distance_travelled_out_reg[6] |            | SDFFRHQX1 |  0.000 |   8.007 |   11.163 | 
     +--------------------------------------------------------------------------------------+ 
Path 35: MET Recovery Check with Pin distance_travelled_out_reg[5]/CK 
Endpoint:   distance_travelled_out_reg[5]/RN (^) checked with  leading edge of 
'clk'
Beginpoint: rst                              (v) triggered by  leading edge of 
'clk'
Path Groups: {async_default}
Analysis View: view1
Retime Analysis { Data Path-Slew }
Other End Arrival Time          0.000
- Recovery                      4.337
+ Phase Shift                  15.500
= Required Time                11.163
- Arrival Time                  8.007
= Slack Time                    3.156
= Slack Time(original)          3.156
     Clock Rise Edge                      0.000
     + Input Delay                        0.400
     = Beginpoint Arrival Time            0.400
     +--------------------------------------------------------------------------------------+ 
     |           Instance            |    Arc     |   Cell    | Retime | Arrival | Required | 
     |                               |            |           |  Delay |  Time   |   Time   | 
     |-------------------------------+------------+-----------+--------+---------+----------| 
     |                               | rst v      |           |        |   0.400 |    3.556 | 
     | g5133                         |            | INVXL     |  0.000 |   0.400 |    3.556 | 
     | g5133                         | A v -> Y ^ | INVXL     |  7.607 |   8.007 |   11.163 | 
     | distance_travelled_out_reg[5] |            | SDFFRHQX1 |  0.000 |   8.007 |   11.163 | 
     +--------------------------------------------------------------------------------------+ 
Path 36: MET Recovery Check with Pin distance_travelled_out_reg[4]/CK 
Endpoint:   distance_travelled_out_reg[4]/RN (^) checked with  leading edge of 
'clk'
Beginpoint: rst                              (v) triggered by  leading edge of 
'clk'
Path Groups: {async_default}
Analysis View: view1
Retime Analysis { Data Path-Slew }
Other End Arrival Time          0.000
- Recovery                      4.337
+ Phase Shift                  15.500
= Required Time                11.163
- Arrival Time                  8.007
= Slack Time                    3.156
= Slack Time(original)          3.156
     Clock Rise Edge                      0.000
     + Input Delay                        0.400
     = Beginpoint Arrival Time            0.400
     +--------------------------------------------------------------------------------------+ 
     |           Instance            |    Arc     |   Cell    | Retime | Arrival | Required | 
     |                               |            |           |  Delay |  Time   |   Time   | 
     |-------------------------------+------------+-----------+--------+---------+----------| 
     |                               | rst v      |           |        |   0.400 |    3.556 | 
     | g5133                         |            | INVXL     |  0.000 |   0.400 |    3.556 | 
     | g5133                         | A v -> Y ^ | INVXL     |  7.607 |   8.007 |   11.163 | 
     | distance_travelled_out_reg[4] |            | SDFFRHQX1 |  0.000 |   8.007 |   11.163 | 
     +--------------------------------------------------------------------------------------+ 
Path 37: MET Recovery Check with Pin distance_travelled_out_reg[3]/CK 
Endpoint:   distance_travelled_out_reg[3]/RN (^) checked with  leading edge of 
'clk'
Beginpoint: rst                              (v) triggered by  leading edge of 
'clk'
Path Groups: {async_default}
Analysis View: view1
Retime Analysis { Data Path-Slew }
Other End Arrival Time          0.000
- Recovery                      4.337
+ Phase Shift                  15.500
= Required Time                11.163
- Arrival Time                  8.007
= Slack Time                    3.156
= Slack Time(original)          3.156
     Clock Rise Edge                      0.000
     + Input Delay                        0.400
     = Beginpoint Arrival Time            0.400
     +--------------------------------------------------------------------------------------+ 
     |           Instance            |    Arc     |   Cell    | Retime | Arrival | Required | 
     |                               |            |           |  Delay |  Time   |   Time   | 
     |-------------------------------+------------+-----------+--------+---------+----------| 
     |                               | rst v      |           |        |   0.400 |    3.556 | 
     | g5133                         |            | INVXL     |  0.000 |   0.400 |    3.556 | 
     | g5133                         | A v -> Y ^ | INVXL     |  7.607 |   8.007 |   11.163 | 
     | distance_travelled_out_reg[3] |            | SDFFRHQX1 |  0.000 |   8.007 |   11.163 | 
     +--------------------------------------------------------------------------------------+ 
Path 38: MET Recovery Check with Pin distance_travelled_out_reg[2]/CK 
Endpoint:   distance_travelled_out_reg[2]/RN (^) checked with  leading edge of 
'clk'
Beginpoint: rst                              (v) triggered by  leading edge of 
'clk'
Path Groups: {async_default}
Analysis View: view1
Retime Analysis { Data Path-Slew }
Other End Arrival Time          0.000
- Recovery                      4.337
+ Phase Shift                  15.500
= Required Time                11.163
- Arrival Time                  8.007
= Slack Time                    3.156
= Slack Time(original)          3.156
     Clock Rise Edge                      0.000
     + Input Delay                        0.400
     = Beginpoint Arrival Time            0.400
     +--------------------------------------------------------------------------------------+ 
     |           Instance            |    Arc     |   Cell    | Retime | Arrival | Required | 
     |                               |            |           |  Delay |  Time   |   Time   | 
     |-------------------------------+------------+-----------+--------+---------+----------| 
     |                               | rst v      |           |        |   0.400 |    3.556 | 
     | g5133                         |            | INVXL     |  0.000 |   0.400 |    3.556 | 
     | g5133                         | A v -> Y ^ | INVXL     |  7.607 |   8.007 |   11.163 | 
     | distance_travelled_out_reg[2] |            | SDFFRHQX1 |  0.000 |   8.007 |   11.163 | 
     +--------------------------------------------------------------------------------------+ 
Path 39: MET Recovery Check with Pin distance_travelled_out_reg[1]/CK 
Endpoint:   distance_travelled_out_reg[1]/RN (^) checked with  leading edge of 
'clk'
Beginpoint: rst                              (v) triggered by  leading edge of 
'clk'
Path Groups: {async_default}
Analysis View: view1
Retime Analysis { Data Path-Slew }
Other End Arrival Time          0.000
- Recovery                      4.337
+ Phase Shift                  15.500
= Required Time                11.163
- Arrival Time                  8.007
= Slack Time                    3.156
= Slack Time(original)          3.156
     Clock Rise Edge                      0.000
     + Input Delay                        0.400
     = Beginpoint Arrival Time            0.400
     +--------------------------------------------------------------------------------------+ 
     |           Instance            |    Arc     |   Cell    | Retime | Arrival | Required | 
     |                               |            |           |  Delay |  Time   |   Time   | 
     |-------------------------------+------------+-----------+--------+---------+----------| 
     |                               | rst v      |           |        |   0.400 |    3.556 | 
     | g5133                         |            | INVXL     |  0.000 |   0.400 |    3.556 | 
     | g5133                         | A v -> Y ^ | INVXL     |  7.607 |   8.007 |   11.163 | 
     | distance_travelled_out_reg[1] |            | SDFFRHQX1 |  0.000 |   8.007 |   11.163 | 
     +--------------------------------------------------------------------------------------+ 
Path 40: MET Recovery Check with Pin distance_travelled_out_reg[0]/CK 
Endpoint:   distance_travelled_out_reg[0]/RN (^) checked with  leading edge of 
'clk'
Beginpoint: rst                              (v) triggered by  leading edge of 
'clk'
Path Groups: {async_default}
Analysis View: view1
Retime Analysis { Data Path-Slew }
Other End Arrival Time          0.000
- Recovery                      4.337
+ Phase Shift                  15.500
= Required Time                11.163
- Arrival Time                  8.007
= Slack Time                    3.156
= Slack Time(original)          3.156
     Clock Rise Edge                      0.000
     + Input Delay                        0.400
     = Beginpoint Arrival Time            0.400
     +--------------------------------------------------------------------------------------+ 
     |           Instance            |    Arc     |   Cell    | Retime | Arrival | Required | 
     |                               |            |           |  Delay |  Time   |   Time   | 
     |-------------------------------+------------+-----------+--------+---------+----------| 
     |                               | rst v      |           |        |   0.400 |    3.556 | 
     | g5133                         |            | INVXL     |  0.000 |   0.400 |    3.556 | 
     | g5133                         | A v -> Y ^ | INVXL     |  7.607 |   8.007 |   11.163 | 
     | distance_travelled_out_reg[0] |            | SDFFRHQX1 |  0.000 |   8.007 |   11.163 | 
     +--------------------------------------------------------------------------------------+ 
Path 41: MET Recovery Check with Pin destination_reached_reg_reg/CK 
Endpoint:   destination_reached_reg_reg/RN (^) checked with  leading edge of 
'clk'
Beginpoint: rst                            (v) triggered by  leading edge of 
'clk'
Path Groups: {async_default}
Analysis View: view1
Retime Analysis { Data Path-Slew }
Other End Arrival Time          0.000
- Recovery                      4.337
+ Phase Shift                  15.500
= Required Time                11.163
- Arrival Time                  8.007
= Slack Time                    3.156
= Slack Time(original)          3.156
     Clock Rise Edge                      0.000
     + Input Delay                        0.400
     = Beginpoint Arrival Time            0.400
     +------------------------------------------------------------------------------------+ 
     |          Instance           |    Arc     |   Cell    | Retime | Arrival | Required | 
     |                             |            |           |  Delay |  Time   |   Time   | 
     |-----------------------------+------------+-----------+--------+---------+----------| 
     |                             | rst v      |           |        |   0.400 |    3.556 | 
     | g5133                       |            | INVXL     |  0.000 |   0.400 |    3.556 | 
     | g5133                       | A v -> Y ^ | INVXL     |  7.607 |   8.007 |   11.163 | 
     | destination_reached_reg_reg |            | SDFFRHQX1 |  0.000 |   8.007 |   11.163 | 
     +------------------------------------------------------------------------------------+ 
Path 42: MET Recovery Check with Pin current_speed_out_reg[7]/CK 
Endpoint:   current_speed_out_reg[7]/RN (^) checked with  leading edge of 'clk'
Beginpoint: rst                         (v) triggered by  leading edge of 'clk'
Path Groups: {async_default}
Analysis View: view1
Retime Analysis { Data Path-Slew }
Other End Arrival Time          0.000
- Recovery                      4.337
+ Phase Shift                  15.500
= Required Time                11.163
- Arrival Time                  8.007
= Slack Time                    3.156
= Slack Time(original)          3.156
     Clock Rise Edge                      0.000
     + Input Delay                        0.400
     = Beginpoint Arrival Time            0.400
     +---------------------------------------------------------------------------------+ 
     |         Instance         |    Arc     |   Cell    | Retime | Arrival | Required | 
     |                          |            |           |  Delay |  Time   |   Time   | 
     |--------------------------+------------+-----------+--------+---------+----------| 
     |                          | rst v      |           |        |   0.400 |    3.556 | 
     | g5133                    |            | INVXL     |  0.000 |   0.400 |    3.556 | 
     | g5133                    | A v -> Y ^ | INVXL     |  7.607 |   8.007 |   11.163 | 
     | current_speed_out_reg[7] |            | SDFFRHQX1 |  0.000 |   8.007 |   11.163 | 
     +---------------------------------------------------------------------------------+ 
Path 43: MET Recovery Check with Pin current_speed_out_reg[6]/CK 
Endpoint:   current_speed_out_reg[6]/RN (^) checked with  leading edge of 'clk'
Beginpoint: rst                         (v) triggered by  leading edge of 'clk'
Path Groups: {async_default}
Analysis View: view1
Retime Analysis { Data Path-Slew }
Other End Arrival Time          0.000
- Recovery                      4.337
+ Phase Shift                  15.500
= Required Time                11.163
- Arrival Time                  8.007
= Slack Time                    3.156
= Slack Time(original)          3.156
     Clock Rise Edge                      0.000
     + Input Delay                        0.400
     = Beginpoint Arrival Time            0.400
     +---------------------------------------------------------------------------------+ 
     |         Instance         |    Arc     |   Cell    | Retime | Arrival | Required | 
     |                          |            |           |  Delay |  Time   |   Time   | 
     |--------------------------+------------+-----------+--------+---------+----------| 
     |                          | rst v      |           |        |   0.400 |    3.556 | 
     | g5133                    |            | INVXL     |  0.000 |   0.400 |    3.556 | 
     | g5133                    | A v -> Y ^ | INVXL     |  7.607 |   8.007 |   11.163 | 
     | current_speed_out_reg[6] |            | SDFFRHQX1 |  0.000 |   8.007 |   11.163 | 
     +---------------------------------------------------------------------------------+ 
Path 44: MET Recovery Check with Pin current_speed_out_reg[5]/CK 
Endpoint:   current_speed_out_reg[5]/RN (^) checked with  leading edge of 'clk'
Beginpoint: rst                         (v) triggered by  leading edge of 'clk'
Path Groups: {async_default}
Analysis View: view1
Retime Analysis { Data Path-Slew }
Other End Arrival Time          0.000
- Recovery                      4.337
+ Phase Shift                  15.500
= Required Time                11.163
- Arrival Time                  8.007
= Slack Time                    3.156
= Slack Time(original)          3.156
     Clock Rise Edge                      0.000
     + Input Delay                        0.400
     = Beginpoint Arrival Time            0.400
     +---------------------------------------------------------------------------------+ 
     |         Instance         |    Arc     |   Cell    | Retime | Arrival | Required | 
     |                          |            |           |  Delay |  Time   |   Time   | 
     |--------------------------+------------+-----------+--------+---------+----------| 
     |                          | rst v      |           |        |   0.400 |    3.556 | 
     | g5133                    |            | INVXL     |  0.000 |   0.400 |    3.556 | 
     | g5133                    | A v -> Y ^ | INVXL     |  7.607 |   8.007 |   11.163 | 
     | current_speed_out_reg[5] |            | SDFFRHQX1 |  0.000 |   8.007 |   11.163 | 
     +---------------------------------------------------------------------------------+ 
Path 45: MET Recovery Check with Pin current_speed_out_reg[4]/CK 
Endpoint:   current_speed_out_reg[4]/RN (^) checked with  leading edge of 'clk'
Beginpoint: rst                         (v) triggered by  leading edge of 'clk'
Path Groups: {async_default}
Analysis View: view1
Retime Analysis { Data Path-Slew }
Other End Arrival Time          0.000
- Recovery                      4.337
+ Phase Shift                  15.500
= Required Time                11.163
- Arrival Time                  8.007
= Slack Time                    3.156
= Slack Time(original)          3.156
     Clock Rise Edge                      0.000
     + Input Delay                        0.400
     = Beginpoint Arrival Time            0.400
     +---------------------------------------------------------------------------------+ 
     |         Instance         |    Arc     |   Cell    | Retime | Arrival | Required | 
     |                          |            |           |  Delay |  Time   |   Time   | 
     |--------------------------+------------+-----------+--------+---------+----------| 
     |                          | rst v      |           |        |   0.400 |    3.556 | 
     | g5133                    |            | INVXL     |  0.000 |   0.400 |    3.556 | 
     | g5133                    | A v -> Y ^ | INVXL     |  7.607 |   8.007 |   11.163 | 
     | current_speed_out_reg[4] |            | SDFFRHQX1 |  0.000 |   8.007 |   11.163 | 
     +---------------------------------------------------------------------------------+ 
Path 46: MET Recovery Check with Pin current_speed_out_reg[3]/CK 
Endpoint:   current_speed_out_reg[3]/RN (^) checked with  leading edge of 'clk'
Beginpoint: rst                         (v) triggered by  leading edge of 'clk'
Path Groups: {async_default}
Analysis View: view1
Retime Analysis { Data Path-Slew }
Other End Arrival Time          0.000
- Recovery                      4.337
+ Phase Shift                  15.500
= Required Time                11.163
- Arrival Time                  8.007
= Slack Time                    3.156
= Slack Time(original)          3.156
     Clock Rise Edge                      0.000
     + Input Delay                        0.400
     = Beginpoint Arrival Time            0.400
     +---------------------------------------------------------------------------------+ 
     |         Instance         |    Arc     |   Cell    | Retime | Arrival | Required | 
     |                          |            |           |  Delay |  Time   |   Time   | 
     |--------------------------+------------+-----------+--------+---------+----------| 
     |                          | rst v      |           |        |   0.400 |    3.556 | 
     | g5133                    |            | INVXL     |  0.000 |   0.400 |    3.556 | 
     | g5133                    | A v -> Y ^ | INVXL     |  7.607 |   8.007 |   11.163 | 
     | current_speed_out_reg[3] |            | SDFFRHQX1 |  0.000 |   8.007 |   11.163 | 
     +---------------------------------------------------------------------------------+ 
Path 47: MET Recovery Check with Pin current_speed_out_reg[2]/CK 
Endpoint:   current_speed_out_reg[2]/RN (^) checked with  leading edge of 'clk'
Beginpoint: rst                         (v) triggered by  leading edge of 'clk'
Path Groups: {async_default}
Analysis View: view1
Retime Analysis { Data Path-Slew }
Other End Arrival Time          0.000
- Recovery                      4.337
+ Phase Shift                  15.500
= Required Time                11.163
- Arrival Time                  8.007
= Slack Time                    3.156
= Slack Time(original)          3.156
     Clock Rise Edge                      0.000
     + Input Delay                        0.400
     = Beginpoint Arrival Time            0.400
     +---------------------------------------------------------------------------------+ 
     |         Instance         |    Arc     |   Cell    | Retime | Arrival | Required | 
     |                          |            |           |  Delay |  Time   |   Time   | 
     |--------------------------+------------+-----------+--------+---------+----------| 
     |                          | rst v      |           |        |   0.400 |    3.556 | 
     | g5133                    |            | INVXL     |  0.000 |   0.400 |    3.556 | 
     | g5133                    | A v -> Y ^ | INVXL     |  7.607 |   8.007 |   11.163 | 
     | current_speed_out_reg[2] |            | SDFFRHQX1 |  0.000 |   8.007 |   11.163 | 
     +---------------------------------------------------------------------------------+ 
Path 48: MET Recovery Check with Pin current_speed_out_reg[1]/CK 
Endpoint:   current_speed_out_reg[1]/RN (^) checked with  leading edge of 'clk'
Beginpoint: rst                         (v) triggered by  leading edge of 'clk'
Path Groups: {async_default}
Analysis View: view1
Retime Analysis { Data Path-Slew }
Other End Arrival Time          0.000
- Recovery                      4.337
+ Phase Shift                  15.500
= Required Time                11.163
- Arrival Time                  8.007
= Slack Time                    3.156
= Slack Time(original)          3.156
     Clock Rise Edge                      0.000
     + Input Delay                        0.400
     = Beginpoint Arrival Time            0.400
     +---------------------------------------------------------------------------------+ 
     |         Instance         |    Arc     |   Cell    | Retime | Arrival | Required | 
     |                          |            |           |  Delay |  Time   |   Time   | 
     |--------------------------+------------+-----------+--------+---------+----------| 
     |                          | rst v      |           |        |   0.400 |    3.556 | 
     | g5133                    |            | INVXL     |  0.000 |   0.400 |    3.556 | 
     | g5133                    | A v -> Y ^ | INVXL     |  7.607 |   8.007 |   11.163 | 
     | current_speed_out_reg[1] |            | SDFFRHQX1 |  0.000 |   8.007 |   11.163 | 
     +---------------------------------------------------------------------------------+ 
Path 49: MET Recovery Check with Pin current_speed_out_reg[0]/CK 
Endpoint:   current_speed_out_reg[0]/RN (^) checked with  leading edge of 'clk'
Beginpoint: rst                         (v) triggered by  leading edge of 'clk'
Path Groups: {async_default}
Analysis View: view1
Retime Analysis { Data Path-Slew }
Other End Arrival Time          0.000
- Recovery                      4.337
+ Phase Shift                  15.500
= Required Time                11.163
- Arrival Time                  8.007
= Slack Time                    3.156
= Slack Time(original)          3.156
     Clock Rise Edge                      0.000
     + Input Delay                        0.400
     = Beginpoint Arrival Time            0.400
     +---------------------------------------------------------------------------------+ 
     |         Instance         |    Arc     |   Cell    | Retime | Arrival | Required | 
     |                          |            |           |  Delay |  Time   |   Time   | 
     |--------------------------+------------+-----------+--------+---------+----------| 
     |                          | rst v      |           |        |   0.400 |    3.556 | 
     | g5133                    |            | INVXL     |  0.000 |   0.400 |    3.556 | 
     | g5133                    | A v -> Y ^ | INVXL     |  7.607 |   8.007 |   11.163 | 
     | current_speed_out_reg[0] |            | SDFFRHQX1 |  0.000 |   8.007 |   11.163 | 
     +---------------------------------------------------------------------------------+ 
Path 50: MET Recovery Check with Pin acceleration_reg[1]/CK 
Endpoint:   acceleration_reg[1]/RN (^) checked with  leading edge of 'clk'
Beginpoint: rst                    (v) triggered by  leading edge of 'clk'
Path Groups: {async_default}
Analysis View: view1
Retime Analysis { Data Path-Slew }
Other End Arrival Time          0.000
- Recovery                      4.337
+ Phase Shift                  15.500
= Required Time                11.163
- Arrival Time                  8.007
= Slack Time                    3.156
= Slack Time(original)          3.156
     Clock Rise Edge                      0.000
     + Input Delay                        0.400
     = Beginpoint Arrival Time            0.400
     +--------------------------------------------------------------------------+ 
     |      Instance       |    Arc     |  Cell   | Retime | Arrival | Required | 
     |                     |            |         |  Delay |  Time   |   Time   | 
     |---------------------+------------+---------+--------+---------+----------| 
     |                     | rst v      |         |        |   0.400 |    3.556 | 
     | g5133               |            | INVXL   |  0.000 |   0.400 |    3.556 | 
     | g5133               | A v -> Y ^ | INVXL   |  7.607 |   8.007 |   11.163 | 
     | acceleration_reg[1] |            | SDFFRXL |  0.000 |   8.007 |   11.163 | 
     +--------------------------------------------------------------------------+ 

