###############################################################
#  Generated by:      Cadence Tempus 20.10-p003_1
#  OS:                Linux x86_64(Host ID edatools-server2.iiitd.edu.in)
#  Generated on:      Sun Oct 12 10:53:08 2025
#  Design:            collision_avoidance_car
#  Command:           report_timing > $report_dir/timing_report.rpt
###############################################################
Path 1: MET Setup Check with Pin total_power_consumed_reg[31]/CK 
Endpoint:   total_power_consumed_reg[31]/D (^) checked with  leading edge of 'clk'
Beginpoint: current_state_reg[7]/Q         (v) triggered by  leading edge of 'clk'
Path Groups: {clk}
Other End Arrival Time          0.000
- Setup                         0.242
+ Phase Shift                  15.000
= Required Time                14.758
- Arrival Time                 10.514
= Slack Time                    4.244
     Clock Rise Edge                 0.000
     + Clock Network Latency (Prop)  0.000
     = Beginpoint Arrival Time       0.000
      -----------------------------------------------------------------------------------
      Instance                          Arc           Cell       Delay  Arrival  Required  
                                                                        Time     Time  
      -----------------------------------------------------------------------------------
      current_state_reg[7]              CK ^          -          -      0.000    4.244  
      current_state_reg[7]              CK ^ -> Q v   SDFFRHQX1  0.397  0.397    4.641  
      g6772                             B v -> Y ^    NOR2XL     0.430  0.827    5.071  
      g5236                             A ^ -> Y v    CLKINVX1   0.091  0.917    5.161  
      g5184                             B v -> Y ^    NOR2XL     0.247  1.164    5.408  
      g5171                             AN ^ -> Y ^   NOR2BX1    0.168  1.332    5.576  
      g5168                             B ^ -> Y v    NOR2XL     0.096  1.428    5.672  
      g5145                             B0 v -> Y ^   AOI211X1   0.255  1.683    5.927  
      g5138                             C0 ^ -> Y v   OAI211X1   0.225  1.908    6.152  
      g5110                             CI v -> CO v  ADDFX1     0.307  2.216    6.460  
      g5106                             A1 v -> Y ^   OAI21X1    0.150  2.366    6.610  
      g5103                             A1 ^ -> Y v   AOI21X1    0.143  2.509    6.753  
      g5097                             A1 v -> Y ^   OAI21X1    0.161  2.670    6.914  
      g5092                             A1 ^ -> Y v   AOI21X1    0.144  2.815    7.059  
      g5090                             B v -> Y ^    NAND2XL    0.092  2.907    7.151  
      g5089                             B0 ^ -> Y v   OAI21X1    0.164  3.070    7.314  
      g5083                             D v -> Y ^    NOR4X1     0.167  3.237    7.481  
      g5080                             B ^ -> Y v    NOR2BX1    0.146  3.383    7.627  
      g5079                             AN v -> Y v   NAND2BX1   0.156  3.540    7.784  
      g5076                             B v -> Y ^    NAND2XL    0.227  3.767    8.011  
      csa_tree_add_158_58_groupi/g1669  B ^ -> Y v    NAND2XL    0.187  3.954    8.198  
      csa_tree_add_158_58_groupi/g1649  A v -> Y ^    CLKINVX1   0.134  4.088    8.332  
      csa_tree_add_158_58_groupi/g1638  A ^ -> Y v    MXI2XL     0.147  4.236    8.480  
      csa_tree_add_158_58_groupi/g1613  CI v -> S ^   ADDFXL     0.400  4.636    8.880  
      csa_tree_add_158_58_groupi/g1609  CI ^ -> S v   ADDFXL     0.364  5.000    9.244  
      csa_tree_add_158_58_groupi/g1584  A v -> CO v   ADDFX1     0.269  5.269    9.513  
      csa_tree_add_158_58_groupi/g1579  CI v -> CO v  ADDFX1     0.250  5.519    9.763  
      csa_tree_add_158_58_groupi/g1574  CI v -> CO v  ADDFX1     0.250  5.768    10.012  
      csa_tree_add_158_58_groupi/g1572  CI v -> CO v  ADDFX1     0.250  6.018    10.262  
      csa_tree_add_158_58_groupi/g1570  CI v -> CO v  ADDFX1     0.250  6.268    10.512  
      csa_tree_add_158_58_groupi/g1568  CI v -> CO v  ADDFX1     0.250  6.518    10.762  
      csa_tree_add_158_58_groupi/g1566  CI v -> CO v  ADDFX1     0.261  6.778    11.022  
      csa_tree_add_158_58_groupi/g1562  A1 v -> Y ^   OAI22X1    0.136  6.914    11.158  
      csa_tree_add_158_58_groupi/g1560  CI ^ -> CO ^  ADDFX1     0.249  7.163    11.407  
      csa_tree_add_158_58_groupi/g1559  CI ^ -> CO ^  ADDFX1     0.234  7.397    11.641  
      csa_tree_add_158_58_groupi/g1558  CI ^ -> CO ^  ADDFX1     0.219  7.617    11.861  
      csa_tree_add_158_58_groupi/g1557  B ^ -> Y v    NAND2XL    0.142  7.759    12.003  
      csa_tree_add_158_58_groupi/g1555  B v -> Y ^    NOR2XL     0.196  7.955    12.199  
      csa_tree_add_158_58_groupi/g1553  B ^ -> Y v    NAND2XL    0.174  8.130    12.373  
      csa_tree_add_158_58_groupi/g1551  B v -> Y ^    NOR2XL     0.201  8.331    12.575  
      csa_tree_add_158_58_groupi/g1549  B ^ -> Y v    NAND2XL    0.175  8.506    12.750  
      csa_tree_add_158_58_groupi/g1547  B v -> Y ^    NOR2XL     0.202  8.708    12.952  
      csa_tree_add_158_58_groupi/g1545  B ^ -> Y v    NAND2XL    0.175  8.884    13.128  
      csa_tree_add_158_58_groupi/g1543  B v -> Y ^    NOR2XL     0.202  9.086    13.329  
      csa_tree_add_158_58_groupi/g1541  B ^ -> Y v    NAND2XL    0.175  9.261    13.505  
      csa_tree_add_158_58_groupi/g1539  B v -> Y ^    NOR2XL     0.202  9.463    13.707  
      csa_tree_add_158_58_groupi/g1537  B ^ -> Y v    NAND2XL    0.175  9.638    13.882  
      csa_tree_add_158_58_groupi/g1535  B v -> Y ^    NOR2XL     0.202  9.840    14.084  
      csa_tree_add_158_58_groupi/g1533  B ^ -> Y v    NAND2XL    0.175  10.016   14.260  
      csa_tree_add_158_58_groupi/g1531  B v -> Y ^    NOR2XL     0.202  10.217   14.461  
      csa_tree_add_158_58_groupi/g1529  B ^ -> Y v    NAND2XL    0.174  10.392   14.636  
      csa_tree_add_158_58_groupi/g1526  A1 v -> Y ^   OAI21X1    0.122  10.514   14.758  
      total_power_consumed_reg[31]      D ^           SDFFRHQX1  0.000  10.514   14.758  
      -----------------------------------------------------------------------------------

