###############################################################
#  Generated by:      Cadence Tempus 20.10-p003_1
#  OS:                Linux x86_64(Host ID edatools-server2.iiitd.edu.in)
#  Generated on:      Fri Oct 10 04:17:08 2025
#  Design:            collision_avoidance_car
#  Command:           report_timing > $report_dir/timing_report.rpt
###############################################################
Path 1: MET Setup Check with Pin total_power_consumed_reg[22]/CK 
Endpoint:   total_power_consumed_reg[22]/D (v) checked with  leading edge of 'clk'
Beginpoint: current_state_reg[5]/QN        (v) triggered by  leading edge of 'clk'
Path Groups: {clk}
Other End Arrival Time          0.000
- Setup                         0.129
+ Phase Shift                  15.000
= Required Time                14.871
- Arrival Time                  3.991
= Slack Time                   10.879
     Clock Rise Edge                 0.000
     + Clock Network Latency (Prop)  0.000
     = Beginpoint Arrival Time       0.000
      -----------------------------------------------------------------------------------
      Instance                          Arc           Cell       Delay  Arrival  Required  
                                                                        Time     Time  
      -----------------------------------------------------------------------------------
      current_state_reg[5]              CK ^          -          -      0.000    10.879  
      current_state_reg[5]              CK ^ -> QN v  DFFRX1     0.440  0.440    11.319  
      g9878                             A v -> Y ^    NOR3X2     0.145  0.584    11.464  
      g10060                            AN ^ -> Y ^   NOR2BXL    0.134  0.718    11.597  
      g9827                             A1 ^ -> Y v   OAI21XL    0.096  0.814    11.693  
      g9797                             A0 v -> Y ^   AOI21X1    0.134  0.948    11.827  
      g9784                             B0 ^ -> Y v   AOI21X2    0.052  1.000    11.879  
      g9760                             B v -> Y ^    NAND2X2    0.069  1.069    11.948  
      g9753                             A ^ -> Y v    CLKINVX1   0.054  1.123    12.002  
      g9751                             B v -> Y ^    NAND2X2    0.066  1.190    12.069  
      g9743                             B ^ -> Y v    NAND2XL    0.131  1.321    12.200  
      g9701                             B0 v -> Y ^   AOI211X2   0.147  1.467    12.347  
      g9692                             B ^ -> Y v    NAND2X1    0.094  1.561    12.440  
      g9690                             A v -> Y ^    CLKINVX1   0.070  1.631    12.511  
      g9689                             A ^ -> Y v    CLKINVX1   0.066  1.697    12.577  
      g9688                             B0 v -> Y ^   AOI21X2    0.109  1.807    12.686  
      g9680                             B ^ -> Y v    NAND2X2    0.111  1.918    12.797  
      g9678                             A v -> Y ^    CLKINVX2   0.077  1.995    12.875  
      csa_tree_add_158_58_groupi/g4458  B ^ -> Y v    NAND2X1    0.072  2.067    12.947  
      csa_tree_add_158_58_groupi/g4516  A v -> Y ^    XNOR2X1    0.242  2.309    13.188  
      csa_tree_add_158_58_groupi/g4288  B ^ -> Y v    XNOR3X1    0.292  2.601    13.481  
      csa_tree_add_158_58_groupi/g4209  A1 v -> Y ^   OAI21X1    0.135  2.737    13.616  
      csa_tree_add_158_58_groupi/g4194  A ^ -> Y v    INVX1      0.073  2.810    13.689  
      csa_tree_add_158_58_groupi/g4508  B v -> Y ^    MXI2X1     0.124  2.934    13.814  
      csa_tree_add_158_58_groupi/g4155  S0 ^ -> Y ^   MXI2X1     0.158  3.092    13.972  
      csa_tree_add_158_58_groupi/g4139  B ^ -> Y v    NOR2BX1    0.070  3.162    14.042  
      csa_tree_add_158_58_groupi/g4134  A v -> Y ^    CLKINVX1   0.056  3.219    14.098  
      csa_tree_add_158_58_groupi/g4121  B ^ -> Y ^    CLKAND2X2  0.114  3.332    14.211  
      csa_tree_add_158_58_groupi/g4111  B ^ -> Y v    NAND2X2    0.090  3.422    14.302  
      csa_tree_add_158_58_groupi/g4095  A1 v -> Y ^   OAI21X4    0.107  3.529    14.408  
      csa_tree_add_158_58_groupi/g4085  A1 ^ -> Y v   AOI21X4    0.105  3.634    14.513  
      csa_tree_add_158_58_groupi/g4075  B v -> Y ^    NOR2X1     0.117  3.751    14.630  
      csa_tree_add_158_58_groupi/g4057  B ^ -> Y v    NAND2BX1   0.103  3.854    14.733  
      csa_tree_add_158_58_groupi/g4041  S0 v -> Y v   MXI2X1     0.138  3.991    14.871  
      total_power_consumed_reg[22]      D v           DFFRHQX8   0.000  3.991    14.871  
      -----------------------------------------------------------------------------------

