###############################################################
#  Generated by:      Cadence Tempus 20.10-p003_1
#  OS:                Linux x86_64(Host ID edatools-server2.iiitd.edu.in)
#  Generated on:      Fri Oct 10 16:00:51 2025
#  Design:            collision_avoidance_car
#  Command:           report_analysis_coverage > $report_dir/analysis_coverage.rpt 
###############################################################
    -------------------------------------------------------------------------------------------  
                                   TIMING CHECK COVERAGE SUMMARY                                  
    -------------------------------------------------------------------------------------------  
     Check Type                      No. of   Met              Violated         Untested         
                                     Checks                                                      
    -------------------------------------------------------------------------------------------  
    ExternalDelay (Early)          78        77 (98%)         0 (0%)           1 (1%)
    ExternalDelay (Late)           78        77 (98%)         0 (0%)           1 (1%)
    Hold                           567       189 (33%)        0 (0%)           378 (66%)
    PulseWidth                     567       378 (66%)        0 (0%)           189 (33%)
    Recovery                       189       0 (0%)           0 (0%)           189 (100%)
    Removal                        189       0 (0%)           0 (0%)           189 (100%)
    Setup                          567       189 (33%)        0 (0%)           378 (66%)
    -------------------------------------------------------------------------------------------
