###############################################################
#  Generated by:      Cadence Tempus 20.10-p003_1
#  OS:                Linux x86_64(Host ID edatools-server2.iiitd.edu.in)
#  Generated on:      Fri Oct 10 16:00:51 2025
#  Design:            collision_avoidance_car
#  Command:           report_timing > $report_dir/timing_report.rpt
###############################################################
Path 1: MET Setup Check with Pin total_power_consumed_reg[26]/CK 
Endpoint:   total_power_consumed_reg[26]/D (^) checked with  leading edge of 'clk'
Beginpoint: current_state_reg[3]/Q         (v) triggered by  leading edge of 'clk'
Path Groups: {clk}
Other End Arrival Time          0.000
- Setup                         0.233
+ Phase Shift                  15.000
= Required Time                14.767
- Arrival Time                  3.868
= Slack Time                   10.899
     Clock Rise Edge                 0.000
     + Clock Network Latency (Prop)  0.000
     = Beginpoint Arrival Time       0.000
      ----------------------------------------------------------------------------------
      Instance                          Arc          Cell       Delay  Arrival  Required  
                                                                       Time     Time  
      ----------------------------------------------------------------------------------
      current_state_reg[3]              CK ^         -          -      0.000    10.899  
      current_state_reg[3]              CK ^ -> Q v  SDFFRHQX2  0.404  0.404    11.303  
      g9023                             B v -> Y ^   NOR2X4     0.097  0.501    11.400  
      g8846                             B ^ -> Y v   NAND2X2    0.070  0.571    11.470  
      g8825                             B v -> Y ^   NOR2BX2    0.072  0.643    11.542  
      g8803                             B ^ -> Y v   NAND2X2    0.091  0.734    11.633  
      g8801                             A v -> Y ^   NAND2X4    0.098  0.832    11.731  
      g8780                             B ^ -> Y v   NAND2X2    0.080  0.912    11.811  
      g9054                             A v -> Y ^   CLKINVX3   0.071  0.983    11.882  
      g8741                             A1 ^ -> Y v  AOI21X4    0.088  1.071    11.970  
      g8729                             A0 v -> Y ^  OAI21X2    0.127  1.198    12.097  
      g8726                             A ^ -> Y v   INVXL      0.062  1.260    12.159  
      g8716                             A v -> Y ^   MXI2X1     0.129  1.389    12.288  
      g8704                             A ^ -> Y v   NAND2XL    0.099  1.488    12.387  
      g8694                             A0 v -> Y ^  OAI21X1    0.104  1.592    12.491  
      g8684                             B ^ -> Y v   NOR2X1     0.065  1.657    12.556  
      g8674                             A v -> Y ^   NAND2X2    0.076  1.733    12.632  
      csa_tree_add_158_58_groupi/g4661  A ^ -> Y v   CLKINVX3   0.058  1.791    12.690  
      csa_tree_add_158_58_groupi/g4660  A v -> Y ^   INVX4      0.060  1.851    12.750  
      csa_tree_add_158_58_groupi/g4386  B ^ -> Y v   NAND2X2    0.100  1.951    12.850  
      csa_tree_add_158_58_groupi/g4324  B v -> Y ^   NOR2BX1    0.117  2.068    12.967  
      csa_tree_add_158_58_groupi/g83    B0 ^ -> Y v  AOI21X2    0.060  2.128    13.027  
      csa_tree_add_158_58_groupi/g82    B v -> Y ^   XNOR3X1    0.306  2.433    13.332  
      csa_tree_add_158_58_groupi/g4633  B ^ -> Y v   NAND2BXL   0.103  2.536    13.435  
      csa_tree_add_158_58_groupi/g4631  B0 v -> Y ^  OAI21X1    0.099  2.635    13.534  
      csa_tree_add_158_58_groupi/g4635  A ^ -> Y v   CLKINVX1   0.053  2.688    13.587  
      csa_tree_add_158_58_groupi/g4634  B v -> Y ^   MXI2X1     0.126  2.814    13.713  
      csa_tree_add_158_58_groupi/g4152  A ^ -> Y v   INVX1      0.049  2.863    13.762  
      csa_tree_add_158_58_groupi/g4130  A v -> Y ^   MXI2X1     0.110  2.972    13.871  
      csa_tree_add_158_58_groupi/g4099  B ^ -> Y v   NAND2X1    0.108  3.081    13.980  
      csa_tree_add_158_58_groupi/g4667  B v -> Y ^   NAND2X1    0.063  3.144    14.043  
      csa_tree_add_158_58_groupi/g4070  A ^ -> Y v   CLKINVX1   0.065  3.209    14.108  
      csa_tree_add_158_58_groupi/g4055  A1 v -> Y ^  AOI21X2    0.087  3.296    14.195  
      csa_tree_add_158_58_groupi/g4669  A ^ -> Y v   NAND2X2    0.108  3.404    14.303  
      csa_tree_add_158_58_groupi/g4601  A1 v -> Y ^  AOI21X4    0.097  3.501    14.400  
      csa_tree_add_158_58_groupi/g4600  A ^ -> Y v   CLKINVX2   0.058  3.559    14.458  
      csa_tree_add_158_58_groupi/g16    A v -> Y ^   CLKINVX2   0.049  3.608    14.507  
      csa_tree_add_158_58_groupi/g14    B ^ -> Y v   NOR2X1     0.057  3.665    14.564  
      csa_tree_add_158_58_groupi/g4615  B v -> Y ^   NAND2X2    0.053  3.719    14.618  
      csa_tree_add_158_58_groupi/g3987  B ^ -> Y v   NAND2XL    0.085  3.804    14.703  
      csa_tree_add_158_58_groupi/g3986  B0 v -> Y ^  OAI21X1    0.064  3.868    14.767  
      total_power_consumed_reg[26]      D ^          SDFFRHQX1  0.000  3.868    14.767  
      ----------------------------------------------------------------------------------

