============================================================
  Generated by:           Genus(TM) Synthesis Solution 19.13-s073_1
  Generated on:           Oct 12 2025  08:35:36 am
  Module:                 collision_avoidance_car
  Technology library:     slow 
  Operating conditions:   slow (balanced_tree)
  Wireload mode:          enclosed
  Area mode:              timing library
============================================================

                                
   Gate    Instances    Area    Library 
----------------------------------------
ADDFHX1            1     21.193    slow 
ADDFX1             7    137.756    slow 
ADDFXL             1     19.679    slow 
ADDHX1             1     12.110    slow 
AND2X1            12     54.497    slow 
AND2XL            16     72.662    slow 
AND3X1             1      6.055    slow 
AND4X1             2     13.624    slow 
AO21X1             2     13.624    slow 
AO22XL             2     15.138    slow 
AOI211X1           1      5.298    slow 
AOI21X1           33    149.866    slow 
AOI21X2            8     66.607    slow 
AOI21X4            2     28.762    slow 
AOI21XL            6     27.248    slow 
AOI221X1           1      7.569    slow 
AOI222XL           2     16.652    slow 
AOI22X1            1      6.055    slow 
AOI2BB1X1          2     12.110    slow 
AOI2BB1XL          4     24.221    slow 
BUFX2              3     13.624    slow 
BUFX3              1      6.055    slow 
CLKAND2X2          5     26.492    slow 
CLKAND2X3          2     18.166    slow 
CLKBUFX2           3     13.624    slow 
CLKINVX1          53    120.347    slow 
CLKINVX2           9     34.060    slow 
CLKINVX20         77   1515.314    slow 
CLKINVX3           3     13.624    slow 
CLKINVX6          76    517.720    slow 
CLKXOR2X1          5     41.630    slow 
DLY2X1             1     14.381    slow 
INVX1             32     72.662    slow 
INVX2              2      7.569    slow 
INVX3              1      4.541    slow 
INVX4              1      6.055    slow 
INVXL            180    408.726    slow 
MX2X1              1      6.812    slow 
MXI2X1            22    149.866    slow 
MXI2XL            16     96.883    slow 
NAND2BX1          32    145.325    slow 
NAND2BX2           3     20.436    slow 
NAND2BX4           1     11.354    slow 
NAND2BXL           7     31.790    slow 
NAND2X1           31    117.320    slow 
NAND2X2           16     96.883    slow 
NAND2X4            4     39.359    slow 
NAND2XL          142    429.919    slow 
NAND3BX1           9     54.497    slow 
NAND3BX2           1      9.083    slow 
NAND3X1            5     22.707    slow 
NAND3X4            1     14.381    slow 
NAND3XL            4     18.166    slow 
NAND4BXL           3     20.436    slow 
NAND4X1            1      6.055    slow 
NAND4XL            8     42.386    slow 
NOR2BX1           35    158.949    slow 
NOR2BX2            6     40.873    slow 
NOR2BXL            3     13.624    slow 
NOR2X1            13     49.199    slow 
NOR2X2             6     36.331    slow 
NOR2X4             2     19.679    slow 
NOR2XL            70    211.932    slow 
NOR3BX1            7     42.386    slow 
NOR3X1             3     13.624    slow 
NOR3XL             1      4.541    slow 
NOR4BBX1           1      8.326    slow 
NOR4BBXL           1      8.326    slow 
NOR4BX1            1      6.812    slow 
OA21X1             3     20.436    slow 
OA21XL            13     88.557    slow 
OAI211X1           3     15.895    slow 
OAI21X1           67    304.274    slow 
OAI21X2            7     58.281    slow 
OAI21XL            5     22.707    slow 
OAI221X1           2     15.138    slow 
OAI222XL           2     16.652    slow 
OAI2BB1X1          8     42.386    slow 
OAI2BB1XL          2     10.597    slow 
OAI2BB2X2          1     14.381    slow 
OAI31X1            2     12.110    slow 
OR2X1             14     63.580    slow 
OR2XL              4     18.166    slow 
SDFFRHQX1         95   2372.881    slow 
SDFFRHQX2          5    128.673    slow 
SDFFRHQX4         82   2606.764    slow 
SDFFRHQX8          1     36.331    slow 
SDFFRX1            1     28.005    slow 
SDFFRX2            1     28.762    slow 
SDFFRX4            1     35.574    slow 
SDFFRXL            1     27.248    slow 
SDFFSHQX2          1     28.762    slow 
SDFFSHQX4          1     31.790    slow 
XNOR2X1            8     66.607    slow 
XNOR2X2            1     10.597    slow 
XNOR2XL            9     74.933    slow 
XNOR3X1           13    295.191    slow 
XNOR3XL            3     68.121    slow 
XOR2XL             8     66.607    slow 
----------------------------------------
total           1379  12103.588         


                                          
     Type      Instances    Area   Area % 
------------------------------------------
sequential           189  5324.791   44.0 
inverter             434  2700.619   22.3 
buffer                 8    47.685    0.4 
logic                748  4030.493   33.3 
physical_cells         0     0.000    0.0 
------------------------------------------
total               1379 12103.588  100.0 

