============================================================
  Generated by:           Genus(TM) Synthesis Solution 19.13-s073_1
  Generated on:           Oct 12 2025  08:35:36 am
  Module:                 collision_avoidance_car
  Technology library:     slow 
  Operating conditions:   slow (balanced_tree)
  Wireload mode:          enclosed
  Area mode:              timing library
============================================================

Timing
--------

Clock Period 
-------------
clk   4500.0 


  Cost    Critical             Violating 
 Group   Path Slack    TNS       Paths   
-----------------------------------------
clk           -17.4   -1247.4         76 
default    No paths       0.0            
-----------------------------------------
Total                 -1247.4         76 

Instance Count
--------------
Leaf Instance Count             1379 
Physical Instance count            0 
Sequential Instance Count        189 
Combinational Instance Count    1190 
Hierarchical Instance Count        1 

Area
----
Cell Area                          12103.588
Physical Cell Area                 0.000
Total Cell Area (Cell+Physical)    12103.588
Net Area                           0.000
Total Area (Cell+Physical+Net)     12103.588

Max Fanout                         189 (clk)
Min Fanout                         0 (n_1)
Average Fanout                     2.2
Terms to net ratio                 3.2763
Terms to instance ratio            3.3452
Runtime                            40.32248099999994 seconds
Elapsed Runtime                    51 seconds
Genus peak memory usage            1180.89 
Innovus peak memory usage          no_value 
Hostname                           localhost
