============================================================
  Generated by:           Genus(TM) Synthesis Solution 19.13-s073_1
  Generated on:           Oct 10 2025  05:19:47 am
  Module:                 collision_avoidance_car
  Technology library:     slow 
  Operating conditions:   slow (balanced_tree)
  Wireload mode:          enclosed
  Area mode:              timing library
============================================================

                               
   Gate    Instances    Area   Library 
---------------------------------------
ADDFX1            40   787.176    slow 
ADDFXL            33   649.420    slow 
ADDHX1             1    12.110    slow 
AND2X1            12    54.497    slow 
AND4XL             1     6.812    slow 
AO21X1             3    20.436    slow 
AOI211X1           3    15.895    slow 
AOI21X1           31   140.783    slow 
AOI21XL            1     4.541    slow 
AOI221X1           2    15.138    slow 
AOI22X1            2    12.110    slow 
AOI2BB1X1          4    24.221    slow 
AOI2BB1XL          1     6.055    slow 
AOI33XL            1     7.569    slow 
BUFX8             75   851.513    slow 
CLKINVX1          39    88.557    slow 
CLKINVX8           1     9.083    slow 
CLKXOR2X1          2    16.652    slow 
INVX1             18    40.873    slow 
INVXL             19    43.143    slow 
MXI2XL             5    30.276    slow 
NAND2BX1          11    49.955    slow 
NAND2XL          109   330.008    slow 
NAND3BX1           7    42.386    slow 
NAND3X1            9    40.873    slow 
NAND4BXL           1     6.812    slow 
NOR2BX1           29   131.701    slow 
NOR2XL            53   160.463    slow 
NOR3BX1            4    24.221    slow 
NOR3X1             8    36.331    slow 
NOR4BX1            2    13.624    slow 
NOR4X1             3    18.166    slow 
OA21X1             6    40.873    slow 
OA21XL            16   108.994    slow 
OAI211X1          12    63.580    slow 
OAI21X1           26   118.076    slow 
OAI21XL            1     4.541    slow 
OAI221X1           2    15.138    slow 
OAI222XL           1     8.326    slow 
OAI22X1            4    24.221    slow 
OAI2BB1X1          1     5.298    slow 
OAI2BB1XL          1     5.298    slow 
OAI31X1            1     6.055    slow 
OAI32X1            1     6.812    slow 
OR4XL              1     6.812    slow 
SDFFRHQX1        186  4645.852    slow 
SDFFRXL            1    27.248    slow 
SDFFSHQX1          1    27.248    slow 
SDFFSHQX8          1    36.331    slow 
XNOR2X1            4    33.304    slow 
XNOR2XL            3    24.978    slow 
---------------------------------------
total            799  8900.387         


                                         
     Type      Instances   Area   Area % 
-----------------------------------------
sequential           189 4736.680   53.2 
inverter              77  181.656    2.0 
buffer                75  851.513    9.6 
logic                458 3130.538   35.2 
physical_cells         0    0.000    0.0 
-----------------------------------------
total                799 8900.387  100.0 

