============================================================
  Generated by:           Genus(TM) Synthesis Solution 19.13-s073_1
  Generated on:           Oct 10 2025  05:19:47 am
  Module:                 collision_avoidance_car
  Technology library:     slow 
  Operating conditions:   slow (balanced_tree)
  Wireload mode:          enclosed
  Area mode:              timing library
============================================================

Timing
--------

Clock  Period 
--------------
clk   30000.0 


  Cost    Critical         Violating 
 Group   Path Slack  TNS     Paths   
-------------------------------------
clk         19262.7   0.0          0 
default    No paths   0.0            
-------------------------------------
Total                 0.0          0 

Instance Count
--------------
Leaf Instance Count             799 
Physical Instance count           0 
Sequential Instance Count       189 
Combinational Instance Count    610 
Hierarchical Instance Count       3 

Area
----
Cell Area                          8900.387
Physical Cell Area                 0.000
Total Cell Area (Cell+Physical)    8900.387
Net Area                           0.000
Total Area (Cell+Physical+Net)     8900.387

Max Fanout                         189 (clk)
Min Fanout                         0 (n_11)
Average Fanout                     2.5
Terms to net ratio                 3.5624
Terms to instance ratio            3.9637
Runtime                            17.913989 seconds
Elapsed Runtime                    34 seconds
Genus peak memory usage            1080.59 
Innovus peak memory usage          no_value 
Hostname                           localhost
