============================================================
  Generated by:           Genus(TM) Synthesis Solution 19.13-s073_1
  Generated on:           Oct 10 2025  05:19:47 am
  Module:                 collision_avoidance_car
  Technology library:     slow 
  Operating conditions:   slow (balanced_tree)
  Wireload mode:          enclosed
  Area mode:              timing library
============================================================

             Pin                      Type      Fanout Load Slew Delay Arrival   
                                                       (fF) (ps)  (ps)   (ps)    
---------------------------------------------------------------------------------
(clock clk)                          launch                                  0 R 
current_state_reg[7]/CK                                        0             0 R 
current_state_reg[7]/Q               SDFFRHQX1       6 15.4  123  +383     383 F 
g6772/B                                                             +0     383   
g6772/Y                              NOR2XL          8 18.6  561  +429     812 R 
g5236/A                                                             +0     812   
g5236/Y                              CLKINVX1        2  4.5  156   +89     900 F 
g5184/B                                                             +0     900   
g5184/Y                              NOR2XL          4  8.8  281  +245    1145 R 
g5171/AN                                                            +0    1145   
g5171/Y                              NOR2BX1         2  3.4  130  +168    1313 R 
g5168/B                                                             +0    1313   
g5168/Y                              NOR2XL          2  5.5  204   +95    1408 F 
g5145/B0                                                            +0    1408   
g5145/Y                              AOI211X1        3  8.4  271  +254    1662 R 
g5138/C0                                                            +0    1662   
g5138/Y                              OAI211X1        2  7.7  252  +225    1887 F 
g5110/CI                                                            +0    1887   
g5110/CO                             ADDFX1          2  6.3  109  +306    2193 F 
g5106/A1                                                            +0    2193   
g5106/Y                              OAI21X1         3  7.2  161  +150    2344 R 
g5103/A1                                                            +0    2344   
g5103/Y                              AOI21X1         3  7.1  147  +142    2485 F 
g5097/A1                                                            +0    2485   
g5097/Y                              OAI21X1         3  7.2  165  +161    2647 R 
g5092/A1                                                            +0    2647   
g5092/Y                              AOI21X1         3  7.1  148  +143    2789 F 
g5090/B                                                             +0    2789   
g5090/Y                              NAND2XL         1  2.8   81   +91    2881 R 
g5089/B0                                                            +0    2881   
g5089/Y                              OAI21X1         3 12.3  202  +164    3045 F 
g5083/D                                                             +0    3045   
g5083/Y                              NOR4X1          1  2.8  188  +167    3212 R 
g5080/B                                                             +0    3212   
g5080/Y                              NOR2BX1        10 17.1  149  +145    3357 F 
g5079/AN                                                            +0    3357   
g5079/Y                              NAND2BX1        2  3.4  117  +157    3514 F 
g5076/B                                                             +0    3514   
g5076/Y                              NAND2XL        10 17.0  274  +230    3744 R 
csa_tree_add_158_58_groupi/in_1[1] 
  g1669/B                                                           +0    3744   
  g1669/Y                            NAND2XL         3  6.0  213  +185    3929 F 
  g1649/A                                                           +0    3929   
  g1649/Y                            CLKINVX1        5  9.5  122  +132    4061 R 
  g1638/A                                                           +0    4061   
  g1638/Y                            MXI2XL          1  4.9  170  +148    4209 F 
  g1613/CI                                                          +0    4209   
  g1613/S                            ADDFXL          1  4.9  122  +400    4610 R 
  g1609/CI                                                          +0    4610   
  g1609/S                            ADDFXL          1  6.7  136  +365    4974 F 
  g1584/A                                                           +0    4974   
  g1584/CO                           ADDFX1          1  4.9   96  +270    5244 F 
  g1579/CI                                                          +0    5244   
  g1579/CO                           ADDFX1          1  4.9   96  +250    5494 F 
  g1574/CI                                                          +0    5494   
  g1574/CO                           ADDFX1          1  4.9   96  +250    5744 F 
  g1572/CI                                                          +0    5744   
  g1572/CO                           ADDFX1          1  4.9   96  +250    5994 F 
  g1570/CI                                                          +0    5994   
  g1570/CO                           ADDFX1          1  4.9   96  +250    6244 F 
  g1568/CI                                                          +0    6244   
  g1568/CO                           ADDFX1          1  4.9   96  +250    6494 F 
  g1566/CI                                                          +0    6494   
  g1566/CO                           ADDFX1          2  6.3  106  +260    6754 F 
  g1562/A1                                                          +0    6754   
  g1562/Y                            OAI22X1         1  4.9  154  +136    6890 R 
  g1560/CI                                                          +0    6890   
  g1560/CO                           ADDFX1          1  4.9   95  +249    7140 R 
  g1559/CI                                                          +0    7140   
  g1559/CO                           ADDFX1          1  4.9   95  +234    7374 R 
  g1558/CI                                                          +0    7374   
  g1558/CO                           ADDFX1          2  3.3   80  +219    7593 R 
  g1557/B                                                           +0    7593   
  g1557/Y                            NAND2XL         3  6.2  171  +143    7736 F 
  g1555/B                                                           +0    7736   
  g1555/Y                            NOR2XL          3  6.1  210  +197    7933 R 
  g1553/B                                                           +0    7933   
  g1553/Y                            NAND2XL         3  6.2  190  +174    8107 F 
  g1551/B                                                           +0    8107   
  g1551/Y                            NOR2XL          3  6.1  213  +203    8310 R 
  g1549/B                                                           +0    8310   
  g1549/Y                            NAND2XL         3  6.2  191  +175    8485 F 
  g1547/B                                                           +0    8485   
  g1547/Y                            NOR2XL          3  6.1  213  +203    8688 R 
  g1545/B                                                           +0    8688   
  g1545/Y                            NAND2XL         3  6.2  191  +175    8862 F 
  g1543/B                                                           +0    8862   
  g1543/Y                            NOR2XL          3  6.1  213  +203    9066 R 
  g1541/B                                                           +0    9066   
  g1541/Y                            NAND2XL         3  6.2  191  +175    9240 F 
  g1539/B                                                           +0    9240   
  g1539/Y                            NOR2XL          3  6.1  213  +203    9443 R 
  g1537/B                                                           +0    9443   
  g1537/Y                            NAND2XL         3  6.2  191  +175    9618 F 
  g1535/B                                                           +0    9618   
  g1535/Y                            NOR2XL          3  6.1  213  +203    9821 R 
  g1533/B                                                           +0    9821   
  g1533/Y                            NAND2XL         3  6.2  191  +175    9996 F 
  g1531/B                                                           +0    9996   
  g1531/Y                            NOR2XL          3  6.1  213  +203   10199 R 
  g1529/B                                                           +0   10199   
  g1529/Y                            NAND2XL         3  6.1  189  +173   10372 F 
  g1526/A1                                                          +0   10372   
  g1526/Y                            OAI21X1         1  2.8  114  +122   10494 R 
csa_tree_add_158_58_groupi/out_0[31] 
total_power_consumed_reg[31]/D  <<<  SDFFRHQX1                      +0   10494   
total_power_consumed_reg[31]/CK      setup                     0  +243   10737 R 
- - - - - - - - - - - - - - - - - - - - - - - - - - - - - - - - - - - - - - - - -
(clock clk)                          capture                             30000 R 
---------------------------------------------------------------------------------
Cost Group   : 'clk' (path_group 'clk')
Timing slack :   19263ps 
Start-point  : current_state_reg[7]/CK
End-point    : total_power_consumed_reg[31]/D

