*** Statistics for net list collision_avoidance_car ***
Number of cells      = 736
Number of nets       = 824
Number of tri-nets   = 0
Number of degen nets = 0
Number of pins       = 3135
Number of i/os       = 93

Number of nets with    2 terms = 392 (47.6%)
Number of nets with    3 terms = 205 (24.9%)
Number of nets with    4 terms = 132 (16.0%)
Number of nets with    5 terms = 51 (6.2%)
Number of nets with    6 terms = 5 (0.6%)
Number of nets with    7 terms = 3 (0.4%)
Number of nets with    8 terms = 4 (0.5%)
Number of nets with    9 terms = 5 (0.6%)
Number of nets with >=10 terms = 27 (3.3%)

*** 67 Primitives used:
Primitive MXI2XL (6 insts)
Primitive NAND4XL (1 insts)
Primitive SDFFRHQX8 (71 insts)
Primitive DLY1X1 (3 insts)
Primitive OAI2BB1XL (1 insts)
Primitive NOR3BXL (1 insts)
Primitive OR3X1 (2 insts)
Primitive AOI21XL (1 insts)
Primitive AOI22X1 (1 insts)
Primitive NOR2BXL (1 insts)
Primitive NOR2XL (48 insts)
Primitive INVX1 (16 insts)
Primitive SDFFSHQX1 (2 insts)
Primitive NOR4X1 (3 insts)
Primitive CLKBUFX4 (1 insts)
Primitive OR3XL (1 insts)
Primitive SDFFRXL (1 insts)
Primitive NOR4BX1 (2 insts)
Primitive NOR3X1 (11 insts)
Primitive AO21X1 (3 insts)
Primitive NAND3BX1 (5 insts)
Primitive ADDFXL (34 insts)
Primitive INVXL (13 insts)
Primitive NOR3BX1 (3 insts)
Primitive AOI21X1 (33 insts)
Primitive OAI32X1 (1 insts)
Primitive OAI21XL (2 insts)
Primitive OAI22X1 (4 insts)
Primitive NOR2BX1 (30 insts)
Primitive ADDHX1 (1 insts)
Primitive OA21XL (16 insts)
Primitive SDFFRHQX1 (115 insts)
Primitive NAND2XL (95 insts)
Primitive NAND3X1 (7 insts)
Primitive ADDFX1 (39 insts)
Primitive XNOR2XL (2 insts)
Primitive OAI211XL (1 insts)
Primitive NAND2BX1 (12 insts)
Primitive AOI211X1 (4 insts)
Primitive CLKINVX1 (41 insts)
Primitive OA21X1 (5 insts)
Primitive OAI31X1 (1 insts)
Primitive OAI221X1 (2 insts)
Primitive CLKBUFX16 (2 insts)
Primitive OAI21X1 (26 insts)
Primitive AOI222XL (1 insts)
Primitive CLKBUFX6 (2 insts)
Primitive CLKBUFX3 (2 insts)
Primitive OR4XL (1 insts)
Primitive DLY1X4 (1 insts)
Primitive XNOR2X1 (3 insts)
Primitive INVX4 (1 insts)
Primitive OAI211X1 (9 insts)
Primitive AOI33XL (1 insts)
Primitive AND2X1 (16 insts)
Primitive AOI2BB1X1 (4 insts)
Primitive OR2X1 (3 insts)
Primitive OAI222XL (1 insts)
Primitive CLKXOR2X1 (3 insts)
Primitive INVX12 (2 insts)
Primitive CLKBUFX12 (4 insts)
Primitive NAND4BXL (2 insts)
Primitive AOI2BB1XL (1 insts)
Primitive OR2XL (1 insts)
Primitive NAND3X2 (1 insts)
Primitive CLKBUFX2 (3 insts)
Primitive OAI2BB1X1 (4 insts)
************
*** Net length and connection length statistics (cell collision_avoidance_car) ***

Total net length = 1.291e+04 (6.650e+03 6.263e+03)

Avg net length = 1.567e+01 (sigma = 1.993e+01)
Sqrt of avg square net length = 2.536e+01

Avg connection length = 5.588e+00 (sigma = 4.842e+00)
Sqrt of avg square connection length = 7.393e+00

Net and connection length distribution:

[length   range   ]      #net #connection
[0.00e+00 5.80e+00]:      156      413
[5.80e+00 1.16e+01]:      329      293
[1.16e+01 1.74e+01]:      155       77
[1.74e+01 2.32e+01]:       81       23
[2.32e+01 2.90e+01]:       28        9
[2.90e+01 3.48e+01]:       18        4
[3.48e+01 4.06e+01]:        8        1
[4.06e+01 4.64e+01]:       11        0
[4.64e+01 5.22e+01]:        4        0
[5.22e+01 5.80e+01]:        4        2
[5.80e+01 6.38e+01]:        6        1
[6.38e+01 6.96e+01]:        3        1
[7.54e+01 8.12e+01]:        1        0
[8.70e+01 9.28e+01]:        3        0
[9.28e+01 9.86e+01]:        4        0
[9.86e+01 1.04e+02]:        2        0
[1.04e+02 1.10e+02]:        2        0
[1.22e+02 1.28e+02]:        1        0
[1.28e+02 1.33e+02]:        1        0
[1.33e+02 1.39e+02]:        1        0
[1.39e+02 1.45e+02]:        1        0
[1.45e+02 1.51e+02]:        1        0
[1.57e+02 1.62e+02]:        4        0


Total number of long connections = 0
Io: nrCon=0


Total length: 1.663e+04um, number of vias: 5765
M1(H) length: 6.829e+02um, number of vias: 3062
M2(V) length: 6.943e+03um, number of vias: 2277
M3(H) length: 7.076e+03um, number of vias: 416
M4(V) length: 1.860e+03um, number of vias: 10
M5(H) length: 7.192e+01um, number of vias: 0
M6(V) length: 0.000e+00um, number of vias: 0
M7(H) length: 0.000e+00um, number of vias: 0
M8(V) length: 0.000e+00um, number of vias: 0
M9(H) length: 0.000e+00um

