###############################################################
#  Generated by:      Cadence Tempus 20.10-p003_1
#  OS:                Linux x86_64(Host ID edatools-server2.iiitd.edu.in)
#  Generated on:      Fri Oct 10 04:27:23 2025
#  Design:            collision_avoidance_car
#  Command:           report_timing > $report_dir/timing_report.rpt
###############################################################
Path 1: MET Setup Check with Pin total_power_consumed_reg[31]/CK 
Endpoint:   total_power_consumed_reg[31]/D (v) checked with  leading edge of 'clk'
Beginpoint: current_state_reg[7]/Q         (v) triggered by  leading edge of 'clk'
Path Groups: {clk}
Other End Arrival Time          0.000
- Setup                         0.130
+ Phase Shift                  15.000
= Required Time                14.870
- Arrival Time                  9.806
= Slack Time                    5.064
     Clock Rise Edge                 0.000
     + Clock Network Latency (Prop)  0.000
     = Beginpoint Arrival Time       0.000
      ----------------------------------------------------------------------------------
      Instance                          Arc           Cell      Delay  Arrival  Required  
                                                                       Time     Time  
      ----------------------------------------------------------------------------------
      current_state_reg[7]              CK ^          -         -      0.000    5.064  
      current_state_reg[7]              CK ^ -> Q v   DFFRHQX1  0.409  0.409    5.473  
      g5131                             A v -> Y ^    NOR2XL    0.326  0.735    5.799  
      g6799                             AN ^ -> Y ^   NOR2BX1   0.252  0.987    6.051  
      g5023                             A ^ -> Y v    NAND2XL   0.226  1.213    6.277  
      g5022                             A v -> Y ^    INVX1     0.103  1.316    6.380  
      g5020                             C ^ -> Y v    NAND3X1   0.112  1.428    6.492  
      g5011                             B v -> Y v    AND2X1    0.176  1.605    6.669  
      g4963                             A v -> CO v   ADDFX1    0.257  1.862    6.926  
      g4959                             A1 v -> Y ^   OAI21X1   0.146  2.008    7.072  
      g4956                             A1 ^ -> Y v   AOI21X1   0.143  2.150    7.215  
      g4950                             A1 v -> Y ^   OAI21X1   0.161  2.312    7.376  
      g4946                             A1 ^ -> Y v   AOI21X1   0.119  2.430    7.495  
      g4945                             A v -> Y ^    CLKINVX1  0.074  2.505    7.569  
      g4944                             B ^ -> Y v    MXI2XL    0.247  2.751    7.815  
      g4941                             D v -> Y ^    NOR4X1    0.200  2.951    8.015  
      g4937                             B ^ -> Y v    NOR2BX1   0.152  3.103    8.167  
      g4934                             B v -> Y ^    NOR2XL    0.138  3.241    8.305  
      g4932                             B ^ -> Y ^    OR2X1     0.197  3.438    8.502  
      csa_tree_add_158_58_groupi/g1692  B ^ -> Y v    NAND2XL   0.161  3.599    8.663  
      csa_tree_add_158_58_groupi/g1672  A v -> Y ^    CLKINVX1  0.132  3.731    8.795  
      csa_tree_add_158_58_groupi/g1636  A ^ -> Y v    MXI2XL    0.147  3.878    8.942  
      csa_tree_add_158_58_groupi/g1613  CI v -> S ^   ADDFXL    0.399  4.277    9.341  
      csa_tree_add_158_58_groupi/g1603  CI ^ -> CO ^  ADDFXL    0.253  4.531    9.595  
      csa_tree_add_158_58_groupi/g1594  CI ^ -> S v   ADDFXL    0.363  4.894    9.958  
      csa_tree_add_158_58_groupi/g1580  A v -> CO v   ADDFX1    0.269  5.163    10.227  
      csa_tree_add_158_58_groupi/g1574  CI v -> CO v  ADDFX1    0.250  5.413    10.477  
      csa_tree_add_158_58_groupi/g1571  CI v -> CO v  ADDFX1    0.250  5.663    10.727  
      csa_tree_add_158_58_groupi/g1569  CI v -> CO v  ADDFX1    0.261  5.924    10.988  
      csa_tree_add_158_58_groupi/g1565  A1 v -> Y ^   OAI22X1   0.136  6.059    11.124  
      csa_tree_add_158_58_groupi/g1563  CI ^ -> CO ^  ADDFX1    0.249  6.309    11.373  
      csa_tree_add_158_58_groupi/g1562  CI ^ -> CO ^  ADDFX1    0.234  6.543    11.607  
      csa_tree_add_158_58_groupi/g1561  CI ^ -> CO ^  ADDFX1    0.234  6.777    11.841  
      csa_tree_add_158_58_groupi/g1560  CI ^ -> CO ^  ADDFX1    0.234  7.011    12.075  
      csa_tree_add_158_58_groupi/g1559  CI ^ -> CO ^  ADDFX1    0.219  7.230    12.294  
      csa_tree_add_158_58_groupi/g1558  B ^ -> Y v    NAND2XL   0.143  7.373    12.437  
      csa_tree_add_158_58_groupi/g1556  B v -> Y ^    NOR2XL    0.196  7.569    12.633  
      csa_tree_add_158_58_groupi/g1554  B ^ -> Y v    NAND2XL   0.156  7.725    12.789  
      csa_tree_add_158_58_groupi/g1552  B v -> Y ^    NOR2XL    0.173  7.898    12.962  
      csa_tree_add_158_58_groupi/g1550  B ^ -> Y v    NAND2XL   0.148  8.046    13.110  
      csa_tree_add_158_58_groupi/g1548  B v -> Y ^    NOR2XL    0.170  8.217    13.281  
      csa_tree_add_158_58_groupi/g1546  B ^ -> Y v    NAND2XL   0.148  8.365    13.429  
      csa_tree_add_158_58_groupi/g1544  B v -> Y ^    NOR2XL    0.170  8.535    13.600  
      csa_tree_add_158_58_groupi/g1542  B ^ -> Y v    NAND2XL   0.148  8.684    13.748  
      csa_tree_add_158_58_groupi/g1540  B v -> Y ^    NOR2XL    0.170  8.854    13.918  
      csa_tree_add_158_58_groupi/g1538  B ^ -> Y v    NAND2XL   0.148  9.002    14.067  
      csa_tree_add_158_58_groupi/g1536  B v -> Y ^    NOR2XL    0.170  9.173    14.237  
      csa_tree_add_158_58_groupi/g1534  B ^ -> Y v    NAND2XL   0.148  9.321    14.385  
      csa_tree_add_158_58_groupi/g1532  B v -> Y ^    NOR2XL    0.170  9.492    14.556  
      csa_tree_add_158_58_groupi/g1530  B ^ -> Y v    NAND2XL   0.148  9.639    14.703  
      csa_tree_add_158_58_groupi/g1528  B v -> Y ^    NAND2XL   0.077  9.717    14.781  
      csa_tree_add_158_58_groupi/g1527  B0 ^ -> Y v   OAI21XL   0.090  9.806    14.870  
      total_power_consumed_reg[31]      D v           DFFRHQX1  0.000  9.806    14.870  
      ----------------------------------------------------------------------------------

