###############################################################
#  Generated by:      Cadence Tempus 20.10-p003_1
#  OS:                Linux x86_64(Host ID edatools-server2.iiitd.edu.in)
#  Generated on:      Sat Oct 11 05:13:26 2025
#  Design:            collision_avoidance_car
#  Command:           report_timing > $report_dir/timing_report.rpt
###############################################################
Path 1: MET Setup Check with Pin total_power_consumed_reg[31]/CK 
Endpoint:   total_power_consumed_reg[31]/D (^) checked with  leading edge of 'clk'
Beginpoint: current_state_reg[7]/Q         (v) triggered by  leading edge of 'clk'
Path Groups: {clk}
Other End Arrival Time          0.000
- Setup                         0.242
+ Phase Shift                  15.000
- Uncertainty                   0.100
= Required Time                14.658
- Arrival Time                 10.131
= Slack Time                    4.526
     Clock Rise Edge                 0.000
     + Clock Network Latency (Prop)  0.000
     = Beginpoint Arrival Time       0.000
      -----------------------------------------------------------------------------------
      Instance                          Arc           Cell       Delay  Arrival  Required  
                                                                        Time     Time  
      -----------------------------------------------------------------------------------
      current_state_reg[7]              CK ^          -          -      0.000    4.526  
      current_state_reg[7]              CK ^ -> Q v   SDFFRHQX1  0.410  0.410    4.936  
      g5130                             A v -> Y ^    NOR2XL     0.330  0.740    5.266  
      g6776                             AN ^ -> Y ^   NOR2BX1    0.252  0.992    5.518  
      g5022                             A ^ -> Y v    NAND2XL    0.227  1.218    5.745  
      g5021                             A v -> Y ^    INVX1      0.103  1.322    5.848  
      g5019                             C ^ -> Y v    NAND3X1    0.112  1.434    5.960  
      g5010                             B v -> Y v    AND2X1     0.176  1.610    6.137  
      g4962                             A v -> CO v   ADDFX1     0.258  1.868    6.394  
      g4958                             A1 v -> Y ^   OAI21X1    0.146  2.014    6.540  
      g4955                             A1 ^ -> Y v   AOI21X1    0.143  2.157    6.683  
      g4949                             A1 v -> Y ^   OAI21X1    0.161  2.318    6.844  
      g4945                             A1 ^ -> Y v   AOI21X1    0.119  2.437    6.963  
      g4944                             A v -> Y ^    CLKINVX1   0.074  2.511    7.037  
      g4943                             B ^ -> Y v    MXI2XL     0.247  2.757    7.284  
      g4940                             D v -> Y ^    NOR4X1     0.200  2.957    7.483  
      g4936                             B ^ -> Y v    NOR2BX1    0.152  3.109    7.635  
      g4933                             B v -> Y ^    NOR2XL     0.138  3.247    7.773  
      g4931                             B ^ -> Y ^    OR2X1      0.194  3.441    7.967  
      csa_tree_add_158_58_groupi/g1692  B ^ -> Y v    NAND2XL    0.161  3.602    8.128  
      csa_tree_add_158_58_groupi/g1672  A v -> Y ^    CLKINVX1   0.133  3.735    8.261  
      csa_tree_add_158_58_groupi/g1636  A ^ -> Y v    MXI2XL     0.147  3.882    8.409  
      csa_tree_add_158_58_groupi/g1613  CI v -> S ^   ADDFXL     0.399  4.281    8.808  
      csa_tree_add_158_58_groupi/g1603  CI ^ -> CO ^  ADDFXL     0.253  4.535    9.061  
      csa_tree_add_158_58_groupi/g1594  CI ^ -> S v   ADDFXL     0.363  4.898    9.425  
      csa_tree_add_158_58_groupi/g1580  A v -> CO v   ADDFX1     0.269  5.167    9.694  
      csa_tree_add_158_58_groupi/g1574  CI v -> CO v  ADDFX1     0.250  5.417    9.944  
      csa_tree_add_158_58_groupi/g1571  CI v -> CO v  ADDFX1     0.250  5.667    10.193  
      csa_tree_add_158_58_groupi/g1569  CI v -> CO v  ADDFX1     0.261  5.928    10.454  
      csa_tree_add_158_58_groupi/g1565  A1 v -> Y ^   OAI22X1    0.136  6.064    10.590  
      csa_tree_add_158_58_groupi/g1563  CI ^ -> CO ^  ADDFX1     0.249  6.313    10.839  
      csa_tree_add_158_58_groupi/g1562  CI ^ -> CO ^  ADDFX1     0.234  6.547    11.073  
      csa_tree_add_158_58_groupi/g1561  CI ^ -> CO ^  ADDFX1     0.234  6.781    11.307  
      csa_tree_add_158_58_groupi/g1560  CI ^ -> CO ^  ADDFX1     0.234  7.015    11.541  
      csa_tree_add_158_58_groupi/g1559  CI ^ -> CO ^  ADDFX1     0.219  7.234    11.761  
      csa_tree_add_158_58_groupi/g1558  B ^ -> Y v    NAND2XL    0.142  7.377    11.903  
      csa_tree_add_158_58_groupi/g1556  B v -> Y ^    NOR2XL     0.196  7.573    12.099  
      csa_tree_add_158_58_groupi/g1554  B ^ -> Y v    NAND2XL    0.174  7.747    12.273  
      csa_tree_add_158_58_groupi/g1552  B v -> Y ^    NOR2XL     0.201  7.948    12.475  
      csa_tree_add_158_58_groupi/g1550  B ^ -> Y v    NAND2XL    0.176  8.124    12.650  
      csa_tree_add_158_58_groupi/g1548  B v -> Y ^    NOR2XL     0.202  8.326    12.852  
      csa_tree_add_158_58_groupi/g1546  B ^ -> Y v    NAND2XL    0.175  8.501    13.028  
      csa_tree_add_158_58_groupi/g1544  B v -> Y ^    NOR2XL     0.202  8.703    13.229  
      csa_tree_add_158_58_groupi/g1542  B ^ -> Y v    NAND2XL    0.175  8.878    13.405  
      csa_tree_add_158_58_groupi/g1540  B v -> Y ^    NOR2XL     0.202  9.080    13.607  
      csa_tree_add_158_58_groupi/g1538  B ^ -> Y v    NAND2XL    0.175  9.256    13.782  
      csa_tree_add_158_58_groupi/g1536  B v -> Y ^    NOR2XL     0.202  9.458    13.984  
      csa_tree_add_158_58_groupi/g1534  B ^ -> Y v    NAND2XL    0.175  9.633    14.160  
      csa_tree_add_158_58_groupi/g1532  B v -> Y ^    NOR2XL     0.202  9.835    14.361  
      csa_tree_add_158_58_groupi/g1530  B ^ -> Y v    NAND2XL    0.174  10.009   14.536  
      csa_tree_add_158_58_groupi/g1527  A1 v -> Y ^   OAI21X1    0.122  10.131   14.658  
      total_power_consumed_reg[31]      D ^           SDFFRHQX1  0.000  10.131   14.658  
      -----------------------------------------------------------------------------------

