============================================================
  Generated by:           Genus(TM) Synthesis Solution 19.13-s073_1
  Generated on:           Oct 11 2025  04:47:35 am
  Module:                 collision_avoidance_car
  Technology library:     slow 
  Operating conditions:   slow (balanced_tree)
  Wireload mode:          enclosed
  Area mode:              timing library
============================================================

                               
   Gate    Instances    Area   Library 
---------------------------------------
ADDFX1            39   767.497    slow 
ADDFXL            34   669.100    slow 
ADDHX1             1    12.110    slow 
AND2X1            16    72.662    slow 
AO21X1             3    20.436    slow 
AOI211X1           4    21.193    slow 
AOI21X1           33   149.866    slow 
AOI21XL            1     4.541    slow 
AOI222XL           1     8.326    slow 
AOI22X1            1     6.055    slow 
AOI2BB1X1          4    24.221    slow 
AOI2BB1XL          1     6.055    slow 
AOI33XL            1     7.569    slow 
BUFX8             75   851.513    slow 
CLKINVX1          41    93.099    slow 
CLKINVX8           1     9.083    slow 
CLKXOR2X1          3    24.978    slow 
INVX1             16    36.331    slow 
INVXL             13    29.519    slow 
MXI2XL             6    36.331    slow 
NAND2BX1          12    54.497    slow 
NAND2XL           95   287.622    slow 
NAND3BX1           5    30.276    slow 
NAND3X1            8    36.331    slow 
NAND4BXL           2    13.624    slow 
NAND4XL            1     5.298    slow 
NOR2BX1           30   136.242    slow 
NOR2BXL            1     4.541    slow 
NOR2XL            48   145.325    slow 
NOR3BX1            3    18.166    slow 
NOR3BXL            1     6.055    slow 
NOR3X1            11    49.955    slow 
NOR4BX1            2    13.624    slow 
NOR4X1             3    18.166    slow 
OA21X1             5    34.060    slow 
OA21XL            16   108.994    slow 
OAI211X1           9    47.685    slow 
OAI211XL           1     5.298    slow 
OAI21X1           26   118.076    slow 
OAI21XL            2     9.083    slow 
OAI221X1           2    15.138    slow 
OAI222XL           1     8.326    slow 
OAI22X1            4    24.221    slow 
OAI2BB1X1          4    21.193    slow 
OAI2BB1XL          1     5.298    slow 
OAI31X1            1     6.055    slow 
OAI32X1            1     6.812    slow 
OR2X1              3    13.624    slow 
OR2XL              1     4.541    slow 
OR3X1              2    12.110    slow 
OR3XL              1     6.055    slow 
OR4XL              1     6.812    slow 
SDFFRHQX1        186  4645.852    slow 
SDFFRXL            1    27.248    slow 
SDFFSHQX1          1    27.248    slow 
SDFFSHQX8          1    36.331    slow 
XNOR2X1            3    24.978    slow 
XNOR2XL            2    16.652    slow 
---------------------------------------
total            791  8901.901         


                                         
     Type      Instances   Area   Area % 
-----------------------------------------
sequential           189 4736.680   53.2 
inverter              71  168.032    1.9 
buffer                75  851.513    9.6 
logic                456 3145.676   35.3 
physical_cells         0    0.000    0.0 
-----------------------------------------
total                791 8901.901  100.0 

