============================================================
  Generated by:           Genus(TM) Synthesis Solution 19.13-s073_1
  Generated on:           Oct 11 2025  04:47:34 am
  Module:                 collision_avoidance_car
  Technology library:     slow 
  Operating conditions:   slow (balanced_tree)
  Wireload mode:          enclosed
  Area mode:              timing library
============================================================

Timing
--------

Clock  Period 
--------------
clk   15000.0 


  Cost    Critical         Violating 
 Group   Path Slack  TNS     Paths   
-------------------------------------
clk          4645.2   0.0          0 
default    No paths   0.0            
-------------------------------------
Total                 0.0          0 

Instance Count
--------------
Leaf Instance Count             791 
Physical Instance count           0 
Sequential Instance Count       189 
Combinational Instance Count    602 
Hierarchical Instance Count       3 

Area
----
Cell Area                          8901.901
Physical Cell Area                 0.000
Total Cell Area (Cell+Physical)    8901.901
Net Area                           0.000
Total Area (Cell+Physical+Net)     8901.901

Max Fanout                         189 (clk)
Min Fanout                         0 (n_11)
Average Fanout                     2.5
Terms to net ratio                 3.5800
Terms to instance ratio            3.9874
Runtime                            18.937149 seconds
Elapsed Runtime                    50 seconds
Genus peak memory usage            1092.22 
Innovus peak memory usage          no_value 
Hostname                           localhost
