============================================================
  Generated by:           Genus(TM) Synthesis Solution 19.13-s073_1
  Generated on:           Oct 11 2025  04:47:34 am
  Module:                 collision_avoidance_car
  Technology library:     slow 
  Operating conditions:   slow (balanced_tree)
  Wireload mode:          enclosed
  Area mode:              timing library
============================================================

             Pin                      Type      Fanout Load Slew Delay Arrival   
                                                       (fF) (ps)  (ps)   (ps)    
---------------------------------------------------------------------------------
(clock clk)                          launch                                  0 R 
current_state_reg[7]/CK                                        0             0 R 
current_state_reg[7]/Q               SDFFRHQX1       7 18.1  140  +396     396 F 
g5130/A                                                             +0     396   
g5130/Y                              NOR2XL          6 13.2  406  +328     723 R 
g6776/AN                                                            +0     723   
g6776/Y                              NOR2BX1         4  9.9  193  +249     972 R 
g5022/A                                                             +0     972   
g5022/Y                              NAND2XL         4 10.0  272  +226    1199 F 
g5021/A                                                             +0    1199   
g5021/Y                              INVX1           2  4.5  103  +101    1300 R 
g5019/C                                                             +0    1300   
g5019/Y                              NAND3X1         2  3.4  158  +112    1411 F 
g5010/B                                                             +0    1411   
g5010/Y                              AND2X1          4 11.7  101  +177    1588 F 
g4962/A                                                             +0    1588   
g4962/CO                             ADDFX1          2  4.5   96  +258    1847 F 
g4958/A1                                                            +0    1847   
g4958/Y                              OAI21X1         3  7.2  159  +146    1993 R 
g4955/A1                                                            +0    1993   
g4955/Y                              AOI21X1         3  7.1  146  +142    2134 F 
g4949/A1                                                            +0    2134   
g4949/Y                              OAI21X1         3  7.2  165  +161    2296 R 
g4945/A1                                                            +0    2296   
g4945/Y                              AOI21X1         2  4.4  117  +118    2414 F 
g4944/A                                                             +0    2414   
g4944/Y                              CLKINVX1        2  4.4   64   +73    2486 R 
g4943/B                                                             +0    2486   
g4943/Y                              MXI2XL          3 12.3  332  +248    2735 F 
g4940/D                                                             +0    2735   
g4940/Y                              NOR4X1          1  2.8  211  +199    2934 R 
g4936/B                                                             +0    2934   
g4936/Y                              NOR2BX1        10 17.0  155  +150    3083 F 
g4933/B                                                             +0    3083   
g4933/Y                              NOR2XL          2  3.2  149  +136    3219 R 
g4931/B                                                             +0    3219   
g4931/Y                              OR2X1          10 17.0  161  +197    3416 R 
csa_tree_add_158_58_groupi/in_1[1] 
  g1692/B                                                           +0    3416   
  g1692/Y                            NAND2XL         3  6.0  210  +160    3576 F 
  g1672/A                                                           +0    3576   
  g1672/Y                            CLKINVX1        5  9.5  121  +131    3708 R 
  g1636/A                                                           +0    3708   
  g1636/Y                            MXI2XL          1  4.9  166  +148    3855 F 
  g1613/CI                                                          +0    3855   
  g1613/S                            ADDFXL          1  4.9  122  +400    4255 R 
  g1603/CI                                                          +0    4255   
  g1603/CO                           ADDFXL          1  4.9  120  +254    4509 R 
  g1594/CI                                                          +0    4509   
  g1594/S                            ADDFXL          1  6.7  136  +364    4873 F 
  g1580/A                                                           +0    4873   
  g1580/CO                           ADDFX1          1  4.9   96  +270    5143 F 
  g1574/CI                                                          +0    5143   
  g1574/CO                           ADDFX1          1  4.9   96  +250    5393 F 
  g1571/CI                                                          +0    5393   
  g1571/CO                           ADDFX1          1  4.9   96  +250    5643 F 
  g1569/CI                                                          +0    5643   
  g1569/CO                           ADDFX1          2  6.3  106  +260    5903 F 
  g1565/A1                                                          +0    5903   
  g1565/Y                            OAI22X1         1  4.9  154  +136    6039 R 
  g1563/CI                                                          +0    6039   
  g1563/CO                           ADDFX1          1  4.9   95  +249    6289 R 
  g1562/CI                                                          +0    6289   
  g1562/CO                           ADDFX1          1  4.9   95  +234    6523 R 
  g1561/CI                                                          +0    6523   
  g1561/CO                           ADDFX1          1  4.9   95  +234    6757 R 
  g1560/CI                                                          +0    6757   
  g1560/CO                           ADDFX1          1  4.9   95  +234    6992 R 
  g1559/CI                                                          +0    6992   
  g1559/CO                           ADDFX1          2  3.3   80  +219    7210 R 
  g1558/B                                                           +0    7210   
  g1558/Y                            NAND2XL         3  6.2  171  +143    7353 F 
  g1556/B                                                           +0    7353   
  g1556/Y                            NOR2XL          3  6.1  210  +197    7550 R 
  g1554/B                                                           +0    7550   
  g1554/Y                            NAND2XL         3  6.2  190  +174    7724 F 
  g1552/B                                                           +0    7724   
  g1552/Y                            NOR2XL          3  6.1  213  +203    7927 R 
  g1550/B                                                           +0    7927   
  g1550/Y                            NAND2XL         3  6.2  191  +175    8102 F 
  g1548/B                                                           +0    8102   
  g1548/Y                            NOR2XL          3  6.1  213  +203    8305 R 
  g1546/B                                                           +0    8305   
  g1546/Y                            NAND2XL         3  6.2  191  +175    8480 F 
  g1544/B                                                           +0    8480   
  g1544/Y                            NOR2XL          3  6.1  213  +203    8683 R 
  g1542/B                                                           +0    8683   
  g1542/Y                            NAND2XL         3  6.2  191  +175    8858 F 
  g1540/B                                                           +0    8858   
  g1540/Y                            NOR2XL          3  6.1  213  +203    9061 R 
  g1538/B                                                           +0    9061   
  g1538/Y                            NAND2XL         3  6.2  191  +175    9236 F 
  g1536/B                                                           +0    9236   
  g1536/Y                            NOR2XL          3  6.1  213  +203    9439 R 
  g1534/B                                                           +0    9439   
  g1534/Y                            NAND2XL         3  6.2  191  +175    9614 F 
  g1532/B                                                           +0    9614   
  g1532/Y                            NOR2XL          3  6.1  213  +203    9817 R 
  g1530/B                                                           +0    9817   
  g1530/Y                            NAND2XL         3  6.1  189  +173    9990 F 
  g1527/A1                                                          +0    9990   
  g1527/Y                            OAI21X1         1  2.8  114  +122   10112 R 
csa_tree_add_158_58_groupi/out_0[31] 
total_power_consumed_reg[31]/D  <<<  SDFFRHQX1                      +0   10112   
total_power_consumed_reg[31]/CK      setup                     0  +243   10355 R 
- - - - - - - - - - - - - - - - - - - - - - - - - - - - - - - - - - - - - - - - -
(clock clk)                          capture                             15000 R 
---------------------------------------------------------------------------------
Cost Group   : 'clk' (path_group 'clk')
Timing slack :    4645ps 
Start-point  : current_state_reg[7]/CK
End-point    : total_power_consumed_reg[31]/D

