###############################################################
#  Generated by:      Cadence Tempus 20.10-p003_1
#  OS:                Linux x86_64(Host ID edatools-server2.iiitd.edu.in)
#  Generated on:      Fri Oct 10 03:40:14 2025
#  Design:            collision_avoidance_car
#  Command:           report_timing > $report_dir/timing_report.rpt
###############################################################
Path 1: MET Setup Check with Pin total_power_consumed_reg[31]/CK 
Endpoint:   total_power_consumed_reg[31]/D (v) checked with  leading edge of 'clk'
Beginpoint: current_state_reg[7]/Q         (v) triggered by  leading edge of 'clk'
Path Groups: {clk}
Other End Arrival Time          0.000
- Setup                         0.130
+ Phase Shift                  15.000
= Required Time                14.870
- Arrival Time                 10.186
= Slack Time                    4.684
     Clock Rise Edge                 0.000
     + Clock Network Latency (Prop)  0.000
     = Beginpoint Arrival Time       0.000
      ----------------------------------------------------------------------------------
      Instance                          Arc           Cell      Delay  Arrival  Required  
                                                                       Time     Time  
      ----------------------------------------------------------------------------------
      current_state_reg[7]              CK ^          -         -      0.000    4.684  
      current_state_reg[7]              CK ^ -> Q v   DFFRHQX1  0.396  0.396    5.080  
      g6789                             B v -> Y ^    NOR2XL    0.425  0.821    5.506  
      g5236                             A ^ -> Y v    CLKINVX1  0.091  0.912    5.596  
      g5184                             B v -> Y ^    NOR2XL    0.247  1.158    5.843  
      g5171                             AN ^ -> Y ^   NOR2BX1   0.168  1.327    6.011  
      g5168                             B ^ -> Y v    NOR2XL    0.096  1.423    6.107  
      g5145                             B0 v -> Y ^   AOI211X1  0.255  1.678    6.362  
      g5138                             C0 ^ -> Y v   OAI211X1  0.225  1.903    6.587  
      g5110                             CI v -> CO v  ADDFX1    0.307  2.210    6.895  
      g5106                             A1 v -> Y ^   OAI21X1   0.150  2.360    7.045  
      g5103                             A1 ^ -> Y v   AOI21X1   0.143  2.503    7.188  
      g5097                             A1 v -> Y ^   OAI21X1   0.161  2.665    7.349  
      g5092                             A1 ^ -> Y v   AOI21X1   0.144  2.809    7.493  
      g5090                             B v -> Y ^    NAND2XL   0.092  2.901    7.585  
      g5089                             B0 ^ -> Y v   OAI21X1   0.164  3.064    7.749  
      g5083                             D v -> Y ^    NOR4X1    0.167  3.232    7.916  
      g5080                             B ^ -> Y v    NOR2BX1   0.146  3.378    8.062  
      g5079                             AN v -> Y v   NAND2BX1  0.156  3.534    8.219  
      g5076                             B v -> Y ^    NAND2XL   0.227  3.761    8.446  
      csa_tree_add_158_58_groupi/g1669  B ^ -> Y v    NAND2XL   0.187  3.949    8.633  
      csa_tree_add_158_58_groupi/g1649  A v -> Y ^    CLKINVX1  0.133  4.082    8.766  
      csa_tree_add_158_58_groupi/g1638  A ^ -> Y v    MXI2XL    0.147  4.229    8.913  
      csa_tree_add_158_58_groupi/g1613  CI v -> S ^   ADDFXL    0.400  4.629    9.313  
      csa_tree_add_158_58_groupi/g1609  CI ^ -> S v   ADDFXL    0.364  4.993    9.677  
      csa_tree_add_158_58_groupi/g1584  A v -> CO v   ADDFX1    0.269  5.262    9.946  
      csa_tree_add_158_58_groupi/g1579  CI v -> CO v  ADDFX1    0.250  5.512    10.196  
      csa_tree_add_158_58_groupi/g1574  CI v -> CO v  ADDFX1    0.250  5.761    10.446  
      csa_tree_add_158_58_groupi/g1572  CI v -> CO v  ADDFX1    0.250  6.011    10.696  
      csa_tree_add_158_58_groupi/g1570  CI v -> CO v  ADDFX1    0.250  6.261    10.945  
      csa_tree_add_158_58_groupi/g1568  CI v -> CO v  ADDFX1    0.250  6.511    11.195  
      csa_tree_add_158_58_groupi/g1566  CI v -> CO v  ADDFX1    0.261  6.771    11.456  
      csa_tree_add_158_58_groupi/g1562  A1 v -> Y ^   OAI22X1   0.136  6.907    11.592  
      csa_tree_add_158_58_groupi/g1560  CI ^ -> CO ^  ADDFX1    0.249  7.156    11.841  
      csa_tree_add_158_58_groupi/g1559  CI ^ -> CO ^  ADDFX1    0.234  7.390    12.075  
      csa_tree_add_158_58_groupi/g1558  CI ^ -> CO ^  ADDFX1    0.219  7.610    12.294  
      csa_tree_add_158_58_groupi/g1557  B ^ -> Y v    NAND2XL   0.143  7.753    12.437  
      csa_tree_add_158_58_groupi/g1555  B v -> Y ^    NOR2XL    0.196  7.949    12.633  
      csa_tree_add_158_58_groupi/g1553  B ^ -> Y v    NAND2XL   0.156  8.104    12.789  
      csa_tree_add_158_58_groupi/g1551  B v -> Y ^    NOR2XL    0.173  8.277    12.962  
      csa_tree_add_158_58_groupi/g1549  B ^ -> Y v    NAND2XL   0.149  8.426    13.110  
      csa_tree_add_158_58_groupi/g1547  B v -> Y ^    NOR2XL    0.170  8.596    13.281  
      csa_tree_add_158_58_groupi/g1545  B ^ -> Y v    NAND2XL   0.148  8.745    13.429  
      csa_tree_add_158_58_groupi/g1543  B v -> Y ^    NOR2XL    0.170  8.915    13.600  
      csa_tree_add_158_58_groupi/g1541  B ^ -> Y v    NAND2XL   0.148  9.063    13.748  
      csa_tree_add_158_58_groupi/g1539  B v -> Y ^    NOR2XL    0.170  9.234    13.918  
      csa_tree_add_158_58_groupi/g1537  B ^ -> Y v    NAND2XL   0.148  9.382    14.067  
      csa_tree_add_158_58_groupi/g1535  B v -> Y ^    NOR2XL    0.170  9.552    14.237  
      csa_tree_add_158_58_groupi/g1533  B ^ -> Y v    NAND2XL   0.148  9.701    14.385  
      csa_tree_add_158_58_groupi/g1531  B v -> Y ^    NOR2XL    0.170  9.871    14.556  
      csa_tree_add_158_58_groupi/g1529  B ^ -> Y v    NAND2XL   0.148  10.019   14.703  
      csa_tree_add_158_58_groupi/g1527  B v -> Y ^    NAND2XL   0.077  10.096   14.781  
      csa_tree_add_158_58_groupi/g1526  B0 ^ -> Y v   OAI21XL   0.090  10.186   14.870  
      total_power_consumed_reg[31]      D v           DFFRHQX1  0.000  10.186   14.870  
      ----------------------------------------------------------------------------------

