*----------------------------------------------------------------------------------------
*	Innovus 20.10-p004_1 (64bit) 05/07/2020 20:02 (Linux 2.6.32-431.11.2.el6.x86_64)
*	
*
* 	Date & Time:	2025-Nov-09 04:52:34 (2025-Nov-08 23:22:34 GMT)
*
*----------------------------------------------------------------------------------------
*
*	Design: collision_avoidance_car
*
*	Liberty Libraries used: 
*	        view1: ../IN/lib/slow.lib
*
*	Power Domain used: 
*              Rail:        VDD      Voltage:        0.9 
*
*       Power View : view1
*
*       User-Defined Activity : N.A.
*
*       Activity File: N.A.
*
*       Hierarchical Global Activity: N.A.
*
*       Global Activity: N.A.
*
*       Sequential Element Activity: N.A.
*
*       Primary Input Activity: 0.200000
*
*       Default icg ratio: N.A.
*
*       Global Comb ClockGate Ratio: N.A.
*
*	Power Units = 1mW
*
*	Time Units = 1e-09 secs 
*
*       report_power -outfile ./reports/post_placement/power_post_placement.rpt
*
-----------------------------------------------------------------------------------------


Total Power 
-----------------------------------------------------------------------------------------
Total Internal Power:        0.51695067 	   31.9794%
Total Switching Power:       1.05669505 	   65.3689%
Total Leakage Power:         0.04286437 	    2.6517%
Total Power:                 1.61651010 
-----------------------------------------------------------------------------------------


Group                           Internal   Switching     Leakage       Total  Percentage 
                                Power      Power         Power         Power  (%)        
-----------------------------------------------------------------------------------------
Sequential                        0.4362      0.9988     0.02902       1.464       90.57 
Macro                                  0           0           0           0           0 
IO                                     0           0           0           0           0 
Combinational                    0.08074     0.05789     0.01384      0.1525       9.432 
Clock (Combinational)                  0           0           0           0           0 
Clock (Sequential)                     0           0           0           0           0 
-----------------------------------------------------------------------------------------
Total                              0.517       1.057     0.04286       1.617         100 
-----------------------------------------------------------------------------------------


Rail                  Voltage   Internal   Switching     Leakage       Total  Percentage 
                                Power      Power         Power         Power  (%)        
-----------------------------------------------------------------------------------------
VDD                       0.9      0.517       1.057     0.04286       1.617         100 


-----------------------------------------------------------------------------------------
*	Power Distribution Summary: 
*                Highest Average Power: total_power_consumed_out_reg[10] (SDFFRHQX1):          0.02918 
*                Highest Leakage Power:       acceleration_reg[0] (SDFFSHQX8):        0.0003379 
*          Total Cap:      8.42576e-11 F
*          Total instances in design:   716
*          Total instances in design with no power:     0
*          Total instances in design with no activity:     0
*          Total Fillers and Decap:     0
-----------------------------------------------------------------------------------------

